{"D:\\NewQr\\ATTENDACE-SYSTEM\\Backend\\app.js": {"path":"D:\\NewQr\\ATTENDACE-SYSTEM\\Backend\\app.js","statementMap":{"0":{"start":{"line":1,"column":16},"end":{"line":1,"column":34}},"1":{"start":{"line":2,"column":13},"end":{"line":2,"column":28}},"2":{"start":{"line":3,"column":21},"end":{"line":3,"column":45}},"3":{"start":{"line":4,"column":37},"end":{"line":4,"column":72}},"4":{"start":{"line":6,"column":12},"end":{"line":6,"column":21}},"5":{"start":{"line":9,"column":0},"end":{"line":9,"column":24}},"6":{"start":{"line":10,"column":0},"end":{"line":10,"column":24}},"7":{"start":{"line":13,"column":0},"end":{"line":18,"column":4}},"8":{"start":{"line":21,"column":0},"end":{"line":21,"column":21}},"9":{"start":{"line":24,"column":19},"end":{"line":24,"column":49}},"10":{"start":{"line":25,"column":27},"end":{"line":25,"column":65}},"11":{"start":{"line":26,"column":22},"end":{"line":26,"column":55}},"12":{"start":{"line":29,"column":0},"end":{"line":29,"column":41}},"13":{"start":{"line":30,"column":0},"end":{"line":30,"column":44}},"14":{"start":{"line":33,"column":0},"end":{"line":33,"column":34}},"15":{"start":{"line":34,"column":0},"end":{"line":34,"column":50}},"16":{"start":{"line":35,"column":0},"end":{"line":35,"column":40}},"17":{"start":{"line":38,"column":0},"end":{"line":40,"column":3}},"18":{"start":{"line":39,"column":2},"end":{"line":39,"column":46}},"19":{"start":{"line":43,"column":0},"end":{"line":49,"column":3}},"20":{"start":{"line":44,"column":2},"end":{"line":44,"column":46}},"21":{"start":{"line":45,"column":2},"end":{"line":48,"column":5}},"22":{"start":{"line":51,"column":0},"end":{"line":51,"column":21}}},"fnMap":{"0":{"name":"(anonymous_0)","decl":{"start":{"line":38,"column":13},"end":{"line":38,"column":14}},"loc":{"start":{"line":38,"column":27},"end":{"line":40,"column":1}},"line":38},"1":{"name":"(anonymous_1)","decl":{"start":{"line":43,"column":8},"end":{"line":43,"column":9}},"loc":{"start":{"line":43,"column":33},"end":{"line":49,"column":1}},"line":43}},"branchMap":{"0":{"loc":{"start":{"line":14,"column":10},"end":{"line":14,"column":61}},"type":"binary-expr","locations":[{"start":{"line":14,"column":10},"end":{"line":14,"column":34}},{"start":{"line":14,"column":38},"end":{"line":14,"column":61}}],"line":14},"1":{"loc":{"start":{"line":47,"column":11},"end":{"line":47,"column":75}},"type":"cond-expr","locations":[{"start":{"line":47,"column":52},"end":{"line":47,"column":63}},{"start":{"line":47,"column":66},"end":{"line":47,"column":75}}],"line":47}},"s":{"0":3,"1":3,"2":3,"3":3,"4":3,"5":3,"6":3,"7":3,"8":3,"9":3,"10":3,"11":3,"12":3,"13":3,"14":3,"15":3,"16":3,"17":3,"18":0,"19":3,"20":0,"21":0,"22":3},"f":{"0":0,"1":0},"b":{"0":[3,0],"1":[0,0]},"_coverageSchema":"1a1c01bbd47fc00a2c39e90264f33305004495a9","hash":"dda04c942b884bff05d343194b5da933a82f9b73"}
,"D:\\NewQr\\ATTENDACE-SYSTEM\\Backend\\middleware\\auth.js": {"path":"D:\\NewQr\\ATTENDACE-SYSTEM\\Backend\\middleware\\auth.js","statementMap":{"0":{"start":{"line":1,"column":12},"end":{"line":1,"column":35}},"1":{"start":{"line":2,"column":13},"end":{"line":2,"column":38}},"2":{"start":{"line":24,"column":13},"end":{"line":90,"column":1}},"3":{"start":{"line":25,"column":2},"end":{"line":89,"column":3}},"4":{"start":{"line":27,"column":23},"end":{"line":27,"column":48}},"5":{"start":{"line":28,"column":4},"end":{"line":30,"column":5}},"6":{"start":{"line":29,"column":6},"end":{"line":29,"column":68}},"7":{"start":{"line":32,"column":18},"end":{"line":32,"column":42}},"8":{"start":{"line":35,"column":20},"end":{"line":35,"column":61}},"9":{"start":{"line":36,"column":4},"end":{"line":38,"column":5}},"10":{"start":{"line":37,"column":6},"end":{"line":37,"column":39}},"11":{"start":{"line":41,"column":17},"end":{"line":46,"column":8}},"12":{"start":{"line":48,"column":4},"end":{"line":50,"column":5}},"13":{"start":{"line":49,"column":6},"end":{"line":49,"column":40}},"14":{"start":{"line":53,"column":4},"end":{"line":57,"column":5}},"15":{"start":{"line":54,"column":6},"end":{"line":56,"column":9}},"16":{"start":{"line":60,"column":4},"end":{"line":64,"column":5}},"17":{"start":{"line":61,"column":6},"end":{"line":63,"column":9}},"18":{"start":{"line":67,"column":4},"end":{"line":71,"column":5}},"19":{"start":{"line":68,"column":6},"end":{"line":68,"column":35}},"20":{"start":{"line":69,"column":6},"end":{"line":69,"column":28}},"21":{"start":{"line":70,"column":6},"end":{"line":70,"column":24}},"22":{"start":{"line":74,"column":4},"end":{"line":74,"column":32}},"23":{"start":{"line":75,"column":4},"end":{"line":75,"column":22}},"24":{"start":{"line":78,"column":4},"end":{"line":78,"column":20}},"25":{"start":{"line":79,"column":4},"end":{"line":79,"column":11}},"26":{"start":{"line":81,"column":4},"end":{"line":81,"column":40}},"27":{"start":{"line":82,"column":4},"end":{"line":84,"column":5}},"28":{"start":{"line":83,"column":6},"end":{"line":83,"column":64}},"29":{"start":{"line":85,"column":4},"end":{"line":87,"column":5}},"30":{"start":{"line":86,"column":6},"end":{"line":86,"column":64}},"31":{"start":{"line":88,"column":4},"end":{"line":88,"column":63}},"32":{"start":{"line":93,"column":18},"end":{"line":102,"column":1}},"33":{"start":{"line":94,"column":2},"end":{"line":101,"column":4}},"34":{"start":{"line":95,"column":4},"end":{"line":99,"column":5}},"35":{"start":{"line":96,"column":6},"end":{"line":98,"column":9}},"36":{"start":{"line":100,"column":4},"end":{"line":100,"column":11}},"37":{"start":{"line":105,"column":21},"end":{"line":123,"column":1}},"38":{"start":{"line":106,"column":2},"end":{"line":122,"column":4}},"39":{"start":{"line":107,"column":31},"end":{"line":107,"column":41}},"40":{"start":{"line":110,"column":26},"end":{"line":112,"column":5}},"41":{"start":{"line":111,"column":13},"end":{"line":111,"column":63}},"42":{"start":{"line":114,"column":4},"end":{"line":118,"column":5}},"43":{"start":{"line":115,"column":6},"end":{"line":117,"column":9}},"44":{"start":{"line":120,"column":4},"end":{"line":120,"column":50}},"45":{"start":{"line":121,"column":4},"end":{"line":121,"column":11}},"46":{"start":{"line":126,"column":32},"end":{"line":138,"column":1}},"47":{"start":{"line":127,"column":15},"end":{"line":128,"column":46}},"48":{"start":{"line":130,"column":2},"end":{"line":130,"column":20}},"49":{"start":{"line":130,"column":13},"end":{"line":130,"column":20}},"50":{"start":{"line":132,"column":2},"end":{"line":132,"column":32}},"51":{"start":{"line":133,"column":2},"end":{"line":135,"column":3}},"52":{"start":{"line":134,"column":4},"end":{"line":134,"column":59}},"53":{"start":{"line":137,"column":2},"end":{"line":137,"column":20}},"54":{"start":{"line":140,"column":0},"end":{"line":145,"column":2}}},"fnMap":{"0":{"name":"(anonymous_0)","decl":{"start":{"line":24,"column":13},"end":{"line":24,"column":14}},"loc":{"start":{"line":24,"column":39},"end":{"line":90,"column":1}},"line":24},"1":{"name":"(anonymous_1)","decl":{"start":{"line":93,"column":18},"end":{"line":93,"column":19}},"loc":{"start":{"line":93,"column":32},"end":{"line":102,"column":1}},"line":93},"2":{"name":"(anonymous_2)","decl":{"start":{"line":94,"column":9},"end":{"line":94,"column":10}},"loc":{"start":{"line":94,"column":29},"end":{"line":101,"column":3}},"line":94},"3":{"name":"(anonymous_3)","decl":{"start":{"line":105,"column":21},"end":{"line":105,"column":22}},"loc":{"start":{"line":105,"column":36},"end":{"line":123,"column":1}},"line":105},"4":{"name":"(anonymous_4)","decl":{"start":{"line":106,"column":9},"end":{"line":106,"column":10}},"loc":{"start":{"line":106,"column":35},"end":{"line":122,"column":3}},"line":106},"5":{"name":"(anonymous_5)","decl":{"start":{"line":111,"column":6},"end":{"line":111,"column":7}},"loc":{"start":{"line":111,"column":13},"end":{"line":111,"column":63}},"line":111},"6":{"name":"(anonymous_6)","decl":{"start":{"line":126,"column":32},"end":{"line":126,"column":33}},"loc":{"start":{"line":126,"column":50},"end":{"line":138,"column":1}},"line":126}},"branchMap":{"0":{"loc":{"start":{"line":28,"column":4},"end":{"line":30,"column":5}},"type":"if","locations":[{"start":{"line":28,"column":4},"end":{"line":30,"column":5}},{"start":{},"end":{}}],"line":28},"1":{"loc":{"start":{"line":28,"column":8},"end":{"line":28,"column":56}},"type":"binary-expr","locations":[{"start":{"line":28,"column":8},"end":{"line":28,"column":19}},{"start":{"line":28,"column":23},"end":{"line":28,"column":56}}],"line":28},"2":{"loc":{"start":{"line":36,"column":4},"end":{"line":38,"column":5}},"type":"if","locations":[{"start":{"line":36,"column":4},"end":{"line":38,"column":5}},{"start":{},"end":{}}],"line":36},"3":{"loc":{"start":{"line":48,"column":4},"end":{"line":50,"column":5}},"type":"if","locations":[{"start":{"line":48,"column":4},"end":{"line":50,"column":5}},{"start":{},"end":{}}],"line":48},"4":{"loc":{"start":{"line":53,"column":4},"end":{"line":57,"column":5}},"type":"if","locations":[{"start":{"line":53,"column":4},"end":{"line":57,"column":5}},{"start":{},"end":{}}],"line":53},"5":{"loc":{"start":{"line":60,"column":4},"end":{"line":64,"column":5}},"type":"if","locations":[{"start":{"line":60,"column":4},"end":{"line":64,"column":5}},{"start":{},"end":{}}],"line":60},"6":{"loc":{"start":{"line":67,"column":4},"end":{"line":71,"column":5}},"type":"if","locations":[{"start":{"line":67,"column":4},"end":{"line":71,"column":5}},{"start":{},"end":{}}],"line":67},"7":{"loc":{"start":{"line":82,"column":4},"end":{"line":84,"column":5}},"type":"if","locations":[{"start":{"line":82,"column":4},"end":{"line":84,"column":5}},{"start":{},"end":{}}],"line":82},"8":{"loc":{"start":{"line":85,"column":4},"end":{"line":87,"column":5}},"type":"if","locations":[{"start":{"line":85,"column":4},"end":{"line":87,"column":5}},{"start":{},"end":{}}],"line":85},"9":{"loc":{"start":{"line":95,"column":4},"end":{"line":99,"column":5}},"type":"if","locations":[{"start":{"line":95,"column":4},"end":{"line":99,"column":5}},{"start":{},"end":{}}],"line":95},"10":{"loc":{"start":{"line":114,"column":4},"end":{"line":118,"column":5}},"type":"if","locations":[{"start":{"line":114,"column":4},"end":{"line":118,"column":5}},{"start":{},"end":{}}],"line":114},"11":{"loc":{"start":{"line":114,"column":8},"end":{"line":114,"column":65}},"type":"binary-expr","locations":[{"start":{"line":114,"column":8},"end":{"line":114,"column":22}},{"start":{"line":114,"column":26},"end":{"line":114,"column":65}}],"line":114},"12":{"loc":{"start":{"line":130,"column":2},"end":{"line":130,"column":20}},"type":"if","locations":[{"start":{"line":130,"column":2},"end":{"line":130,"column":20}},{"start":{},"end":{}}],"line":130},"13":{"loc":{"start":{"line":133,"column":2},"end":{"line":135,"column":3}},"type":"if","locations":[{"start":{"line":133,"column":2},"end":{"line":135,"column":3}},{"start":{},"end":{}}],"line":133}},"s":{"0":3,"1":3,"2":3,"3":14,"4":14,"5":14,"6":1,"7":13,"8":13,"9":13,"10":0,"11":13,"12":13,"13":0,"14":13,"15":0,"16":13,"17":0,"18":13,"19":0,"20":0,"21":0,"22":13,"23":13,"24":13,"25":13,"26":0,"27":0,"28":0,"29":0,"30":0,"31":0,"32":3,"33":27,"34":6,"35":1,"36":5,"37":3,"38":0,"39":0,"40":0,"41":0,"42":0,"43":0,"44":0,"45":0,"46":3,"47":0,"48":0,"49":0,"50":0,"51":0,"52":0,"53":0,"54":3},"f":{"0":14,"1":27,"2":6,"3":0,"4":0,"5":0,"6":0},"b":{"0":[1,13],"1":[14,13],"2":[0,13],"3":[0,13],"4":[0,13],"5":[0,13],"6":[0,13],"7":[0,0],"8":[0,0],"9":[1,5],"10":[0,0],"11":[0,0],"12":[0,0],"13":[0,0]},"_coverageSchema":"1a1c01bbd47fc00a2c39e90264f33305004495a9","hash":"b7c2f5d4f4ba3f7f33afb8e4e4f2642d804ccb0f"}
,"D:\\NewQr\\ATTENDACE-SYSTEM\\Backend\\middleware\\rateLimiter.js": {"path":"D:\\NewQr\\ATTENDACE-SYSTEM\\Backend\\middleware\\rateLimiter.js","statementMap":{"0":{"start":{"line":1,"column":18},"end":{"line":1,"column":47}},"1":{"start":{"line":4,"column":20},"end":{"line":10,"column":2}},"2":{"start":{"line":13,"column":20},"end":{"line":20,"column":2}},"3":{"start":{"line":23,"column":28},"end":{"line":37,"column":2}},"4":{"start":{"line":31,"column":8},"end":{"line":31,"column":59}},"5":{"start":{"line":35,"column":8},"end":{"line":35,"column":61}},"6":{"start":{"line":39,"column":0},"end":{"line":43,"column":2}}},"fnMap":{"0":{"name":"(anonymous_0)","decl":{"start":{"line":29,"column":18},"end":{"line":29,"column":19}},"loc":{"start":{"line":29,"column":27},"end":{"line":32,"column":5}},"line":29},"1":{"name":"(anonymous_1)","decl":{"start":{"line":33,"column":10},"end":{"line":33,"column":11}},"loc":{"start":{"line":33,"column":19},"end":{"line":36,"column":5}},"line":33}},"branchMap":{"0":{"loc":{"start":{"line":5,"column":14},"end":{"line":5,"column":61}},"type":"binary-expr","locations":[{"start":{"line":5,"column":14},"end":{"line":5,"column":43}},{"start":{"line":5,"column":47},"end":{"line":5,"column":61}}],"line":5},"1":{"loc":{"start":{"line":6,"column":9},"end":{"line":6,"column":42}},"type":"binary-expr","locations":[{"start":{"line":6,"column":9},"end":{"line":6,"column":35}},{"start":{"line":6,"column":39},"end":{"line":6,"column":42}}],"line":6},"2":{"loc":{"start":{"line":14,"column":14},"end":{"line":14,"column":66}},"type":"binary-expr","locations":[{"start":{"line":14,"column":14},"end":{"line":14,"column":48}},{"start":{"line":14,"column":52},"end":{"line":14,"column":66}}],"line":14},"3":{"loc":{"start":{"line":15,"column":9},"end":{"line":15,"column":45}},"type":"binary-expr","locations":[{"start":{"line":15,"column":9},"end":{"line":15,"column":40}},{"start":{"line":15,"column":44},"end":{"line":15,"column":45}}],"line":15},"4":{"loc":{"start":{"line":31,"column":15},"end":{"line":31,"column":58}},"type":"cond-expr","locations":[{"start":{"line":31,"column":26},"end":{"line":31,"column":49}},{"start":{"line":31,"column":52},"end":{"line":31,"column":58}}],"line":31},"5":{"loc":{"start":{"line":35,"column":15},"end":{"line":35,"column":60}},"type":"binary-expr","locations":[{"start":{"line":35,"column":15},"end":{"line":35,"column":23}},{"start":{"line":35,"column":27},"end":{"line":35,"column":43}},{"start":{"line":35,"column":47},"end":{"line":35,"column":60}}],"line":35}},"s":{"0":3,"1":3,"2":3,"3":3,"4":0,"5":0,"6":3},"f":{"0":0,"1":0},"b":{"0":[3,0],"1":[3,0],"2":[3,0],"3":[3,0],"4":[0,0],"5":[0,0,0]},"_coverageSchema":"1a1c01bbd47fc00a2c39e90264f33305004495a9","hash":"ae62e093308a01fb74d0a727f6e76fe0ba7b665c"}
,"D:\\NewQr\\ATTENDACE-SYSTEM\\Backend\\middleware\\validate.js": {"path":"D:\\NewQr\\ATTENDACE-SYSTEM\\Backend\\middleware\\validate.js","statementMap":{"0":{"start":{"line":1,"column":49},"end":{"line":1,"column":77}},"1":{"start":{"line":4,"column":25},"end":{"line":13,"column":1}},"2":{"start":{"line":5,"column":17},"end":{"line":5,"column":38}},"3":{"start":{"line":6,"column":2},"end":{"line":11,"column":3}},"4":{"start":{"line":7,"column":4},"end":{"line":10,"column":7}},"5":{"start":{"line":12,"column":2},"end":{"line":12,"column":9}},"6":{"start":{"line":16,"column":23},"end":{"line":50,"column":1}},"7":{"start":{"line":53,"column":31},"end":{"line":74,"column":1}},"8":{"start":{"line":77,"column":26},"end":{"line":112,"column":1}},"9":{"start":{"line":88,"column":6},"end":{"line":90,"column":7}},"10":{"start":{"line":89,"column":8},"end":{"line":89,"column":61}},"11":{"start":{"line":91,"column":6},"end":{"line":91,"column":18}},"12":{"start":{"line":115,"column":28},"end":{"line":132,"column":1}},"13":{"start":{"line":135,"column":29},"end":{"line":149,"column":1}},"14":{"start":{"line":151,"column":0},"end":{"line":157,"column":2}}},"fnMap":{"0":{"name":"(anonymous_0)","decl":{"start":{"line":4,"column":25},"end":{"line":4,"column":26}},"loc":{"start":{"line":4,"column":45},"end":{"line":13,"column":1}},"line":4},"1":{"name":"(anonymous_1)","decl":{"start":{"line":87,"column":39},"end":{"line":87,"column":40}},"loc":{"start":{"line":87,"column":59},"end":{"line":92,"column":5}},"line":87}},"branchMap":{"0":{"loc":{"start":{"line":6,"column":2},"end":{"line":11,"column":3}},"type":"if","locations":[{"start":{"line":6,"column":2},"end":{"line":11,"column":3}},{"start":{},"end":{}}],"line":6},"1":{"loc":{"start":{"line":88,"column":6},"end":{"line":90,"column":7}},"type":"if","locations":[{"start":{"line":88,"column":6},"end":{"line":90,"column":7}},{"start":{},"end":{}}],"line":88}},"s":{"0":3,"1":3,"2":11,"3":11,"4":3,"5":8,"6":3,"7":3,"8":3,"9":2,"10":0,"11":2,"12":3,"13":3,"14":3},"f":{"0":11,"1":2},"b":{"0":[3,8],"1":[0,2]},"_coverageSchema":"1a1c01bbd47fc00a2c39e90264f33305004495a9","hash":"5250ea069937389f008853d44e5e7fbfd3c7bdf0"}
,"D:\\NewQr\\ATTENDACE-SYSTEM\\Backend\\models\\Attendance.js": {"path":"D:\\NewQr\\ATTENDACE-SYSTEM\\Backend\\models\\Attendance.js","statementMap":{"0":{"start":{"line":1,"column":17},"end":{"line":1,"column":36}},"1":{"start":{"line":3,"column":25},"end":{"line":65,"column":2}},"2":{"start":{"line":68,"column":0},"end":{"line":68,"column":66}},"3":{"start":{"line":69,"column":0},"end":{"line":69,"column":59}},"4":{"start":{"line":70,"column":0},"end":{"line":70,"column":49}},"5":{"start":{"line":71,"column":0},"end":{"line":71,"column":38}},"6":{"start":{"line":74,"column":0},"end":{"line":76,"column":2}},"7":{"start":{"line":75,"column":2},"end":{"line":75,"column":43}},"8":{"start":{"line":78,"column":0},"end":{"line":89,"column":2}},"9":{"start":{"line":79,"column":19},"end":{"line":79,"column":33}},"10":{"start":{"line":80,"column":24},"end":{"line":80,"column":82}},"11":{"start":{"line":82,"column":2},"end":{"line":88,"column":3}},"12":{"start":{"line":83,"column":4},"end":{"line":83,"column":28}},"13":{"start":{"line":84,"column":9},"end":{"line":88,"column":3}},"14":{"start":{"line":85,"column":4},"end":{"line":85,"column":28}},"15":{"start":{"line":87,"column":4},"end":{"line":87,"column":25}},"16":{"start":{"line":92,"column":0},"end":{"line":112,"column":2}},"17":{"start":{"line":93,"column":16},"end":{"line":106,"column":4}},"18":{"start":{"line":108,"column":2},"end":{"line":111,"column":9}},"19":{"start":{"line":109,"column":4},"end":{"line":109,"column":31}},"20":{"start":{"line":110,"column":4},"end":{"line":110,"column":15}},"21":{"start":{"line":114,"column":0},"end":{"line":114,"column":64}}},"fnMap":{"0":{"name":"(anonymous_0)","decl":{"start":{"line":74,"column":34},"end":{"line":74,"column":35}},"loc":{"start":{"line":74,"column":61},"end":{"line":76,"column":1}},"line":74},"1":{"name":"(anonymous_1)","decl":{"start":{"line":78,"column":40},"end":{"line":78,"column":41}},"loc":{"start":{"line":78,"column":85},"end":{"line":89,"column":1}},"line":78},"2":{"name":"(anonymous_2)","decl":{"start":{"line":92,"column":41},"end":{"line":92,"column":42}},"loc":{"start":{"line":92,"column":83},"end":{"line":112,"column":1}},"line":92},"3":{"name":"(anonymous_3)","decl":{"start":{"line":108,"column":22},"end":{"line":108,"column":23}},"loc":{"start":{"line":108,"column":37},"end":{"line":111,"column":3}},"line":108}},"branchMap":{"0":{"loc":{"start":{"line":78,"column":67},"end":{"line":78,"column":83}},"type":"default-arg","locations":[{"start":{"line":78,"column":81},"end":{"line":78,"column":83}}],"line":78},"1":{"loc":{"start":{"line":82,"column":2},"end":{"line":88,"column":3}},"type":"if","locations":[{"start":{"line":82,"column":2},"end":{"line":88,"column":3}},{"start":{"line":84,"column":9},"end":{"line":88,"column":3}}],"line":82},"2":{"loc":{"start":{"line":84,"column":9},"end":{"line":88,"column":3}},"type":"if","locations":[{"start":{"line":84,"column":9},"end":{"line":88,"column":3}},{"start":{"line":86,"column":9},"end":{"line":88,"column":3}}],"line":84},"3":{"loc":{"start":{"line":97,"column":12},"end":{"line":97,"column":76}},"type":"binary-expr","locations":[{"start":{"line":97,"column":12},"end":{"line":97,"column":21}},{"start":{"line":97,"column":25},"end":{"line":97,"column":76}}],"line":97}},"s":{"0":3,"1":3,"2":3,"3":3,"4":3,"5":3,"6":3,"7":0,"8":3,"9":0,"10":0,"11":0,"12":0,"13":0,"14":0,"15":0,"16":3,"17":0,"18":0,"19":0,"20":0,"21":3},"f":{"0":0,"1":0,"2":0,"3":0},"b":{"0":[0],"1":[0,0],"2":[0,0],"3":[0,0]},"_coverageSchema":"1a1c01bbd47fc00a2c39e90264f33305004495a9","hash":"1062fe0f63ab995afade57772a056a108aef9c5b"}
,"D:\\NewQr\\ATTENDACE-SYSTEM\\Backend\\models\\Organization.js": {"path":"D:\\NewQr\\ATTENDACE-SYSTEM\\Backend\\models\\Organization.js","statementMap":{"0":{"start":{"line":1,"column":17},"end":{"line":1,"column":36}},"1":{"start":{"line":3,"column":27},"end":{"line":115,"column":2}},"2":{"start":{"line":118,"column":0},"end":{"line":118,"column":40}},"3":{"start":{"line":119,"column":0},"end":{"line":119,"column":53}},"4":{"start":{"line":120,"column":0},"end":{"line":120,"column":47}},"5":{"start":{"line":121,"column":0},"end":{"line":121,"column":48}},"6":{"start":{"line":124,"column":0},"end":{"line":130,"column":3}},"7":{"start":{"line":132,"column":0},"end":{"line":132,"column":68}}},"fnMap":{},"branchMap":{},"s":{"0":3,"1":3,"2":3,"3":3,"4":3,"5":3,"6":3,"7":3},"f":{},"b":{},"_coverageSchema":"1a1c01bbd47fc00a2c39e90264f33305004495a9","hash":"688eaf7bed768bb48aaf253cd1336360bddd53f6"}
,"D:\\NewQr\\ATTENDACE-SYSTEM\\Backend\\models\\Session.js": {"path":"D:\\NewQr\\ATTENDACE-SYSTEM\\Backend\\models\\Session.js","statementMap":{"0":{"start":{"line":1,"column":17},"end":{"line":1,"column":36}},"1":{"start":{"line":3,"column":22},"end":{"line":85,"column":2}},"2":{"start":{"line":88,"column":0},"end":{"line":88,"column":56}},"3":{"start":{"line":89,"column":0},"end":{"line":89,"column":46}},"4":{"start":{"line":90,"column":0},"end":{"line":90,"column":35}},"5":{"start":{"line":93,"column":0},"end":{"line":96,"column":2}},"6":{"start":{"line":94,"column":14},"end":{"line":94,"column":24}},"7":{"start":{"line":95,"column":2},"end":{"line":95,"column":82}},"8":{"start":{"line":98,"column":0},"end":{"line":100,"column":2}},"9":{"start":{"line":99,"column":2},"end":{"line":99,"column":35}},"10":{"start":{"line":102,"column":0},"end":{"line":121,"column":2}},"11":{"start":{"line":103,"column":2},"end":{"line":103,"column":50}},"12":{"start":{"line":103,"column":38},"end":{"line":103,"column":50}},"13":{"start":{"line":105,"column":35},"end":{"line":105,"column":60}},"14":{"start":{"line":108,"column":12},"end":{"line":108,"column":18}},"15":{"start":{"line":109,"column":13},"end":{"line":109,"column":37}},"16":{"start":{"line":110,"column":13},"end":{"line":110,"column":34}},"17":{"start":{"line":111,"column":13},"end":{"line":111,"column":49}},"18":{"start":{"line":112,"column":13},"end":{"line":112,"column":49}},"19":{"start":{"line":114,"column":12},"end":{"line":116,"column":41}},"20":{"start":{"line":117,"column":12},"end":{"line":117,"column":56}},"21":{"start":{"line":118,"column":19},"end":{"line":118,"column":24}},"22":{"start":{"line":120,"column":2},"end":{"line":120,"column":42}},"23":{"start":{"line":123,"column":0},"end":{"line":132,"column":2}},"24":{"start":{"line":124,"column":18},"end":{"line":129,"column":3}},"25":{"start":{"line":131,"column":2},"end":{"line":131,"column":33}},"26":{"start":{"line":134,"column":0},"end":{"line":134,"column":58}}},"fnMap":{"0":{"name":"(anonymous_0)","decl":{"start":{"line":93,"column":33},"end":{"line":93,"column":34}},"loc":{"start":{"line":93,"column":44},"end":{"line":96,"column":1}},"line":93},"1":{"name":"(anonymous_1)","decl":{"start":{"line":98,"column":34},"end":{"line":98,"column":35}},"loc":{"start":{"line":98,"column":45},"end":{"line":100,"column":1}},"line":98},"2":{"name":"(anonymous_2)","decl":{"start":{"line":102,"column":41},"end":{"line":102,"column":42}},"loc":{"start":{"line":102,"column":68},"end":{"line":121,"column":1}},"line":102},"3":{"name":"(anonymous_3)","decl":{"start":{"line":123,"column":39},"end":{"line":123,"column":40}},"loc":{"start":{"line":123,"column":50},"end":{"line":132,"column":1}},"line":123}},"branchMap":{"0":{"loc":{"start":{"line":95,"column":9},"end":{"line":95,"column":81}},"type":"binary-expr","locations":[{"start":{"line":95,"column":9},"end":{"line":95,"column":30}},{"start":{"line":95,"column":34},"end":{"line":95,"column":53}},{"start":{"line":95,"column":57},"end":{"line":95,"column":81}}],"line":95},"1":{"loc":{"start":{"line":103,"column":2},"end":{"line":103,"column":50}},"type":"if","locations":[{"start":{"line":103,"column":2},"end":{"line":103,"column":50}},{"start":{},"end":{}}],"line":103}},"s":{"0":3,"1":3,"2":3,"3":3,"4":3,"5":3,"6":0,"7":0,"8":3,"9":0,"10":3,"11":0,"12":0,"13":0,"14":0,"15":0,"16":0,"17":0,"18":0,"19":0,"20":0,"21":0,"22":0,"23":3,"24":1,"25":1,"26":3},"f":{"0":0,"1":0,"2":0,"3":1},"b":{"0":[0,0,0],"1":[0,0]},"_coverageSchema":"1a1c01bbd47fc00a2c39e90264f33305004495a9","hash":"0a6184f05d8bdb64dd4bf73651a8ecbb127aa015"}
,"D:\\NewQr\\ATTENDACE-SYSTEM\\Backend\\models\\User.js": {"path":"D:\\NewQr\\ATTENDACE-SYSTEM\\Backend\\models\\User.js","statementMap":{"0":{"start":{"line":1,"column":17},"end":{"line":1,"column":36}},"1":{"start":{"line":2,"column":15},"end":{"line":2,"column":34}},"2":{"start":{"line":4,"column":19},"end":{"line":76,"column":2}},"3":{"start":{"line":79,"column":0},"end":{"line":89,"column":3}},"4":{"start":{"line":80,"column":2},"end":{"line":80,"column":50}},"5":{"start":{"line":80,"column":36},"end":{"line":80,"column":50}},"6":{"start":{"line":82,"column":2},"end":{"line":88,"column":3}},"7":{"start":{"line":83,"column":17},"end":{"line":83,"column":41}},"8":{"start":{"line":84,"column":4},"end":{"line":84,"column":59}},"9":{"start":{"line":85,"column":4},"end":{"line":85,"column":11}},"10":{"start":{"line":87,"column":4},"end":{"line":87,"column":16}},"11":{"start":{"line":92,"column":0},"end":{"line":94,"column":2}},"12":{"start":{"line":93,"column":2},"end":{"line":93,"column":58}},"13":{"start":{"line":97,"column":0},"end":{"line":99,"column":2}},"14":{"start":{"line":98,"column":2},"end":{"line":98,"column":59}},"15":{"start":{"line":102,"column":0},"end":{"line":119,"column":2}},"16":{"start":{"line":103,"column":14},"end":{"line":103,"column":29}},"17":{"start":{"line":106,"column":2},"end":{"line":106,"column":31}},"18":{"start":{"line":109,"column":2},"end":{"line":109,"column":22}},"19":{"start":{"line":110,"column":2},"end":{"line":110,"column":20}},"20":{"start":{"line":111,"column":2},"end":{"line":111,"column":36}},"21":{"start":{"line":112,"column":2},"end":{"line":112,"column":38}},"22":{"start":{"line":113,"column":2},"end":{"line":113,"column":32}},"23":{"start":{"line":114,"column":2},"end":{"line":114,"column":34}},"24":{"start":{"line":115,"column":2},"end":{"line":115,"column":33}},"25":{"start":{"line":116,"column":2},"end":{"line":116,"column":23}},"26":{"start":{"line":118,"column":2},"end":{"line":118,"column":13}},"27":{"start":{"line":121,"column":0},"end":{"line":121,"column":52}}},"fnMap":{"0":{"name":"(anonymous_0)","decl":{"start":{"line":79,"column":23},"end":{"line":79,"column":24}},"loc":{"start":{"line":79,"column":44},"end":{"line":89,"column":1}},"line":79},"1":{"name":"(anonymous_1)","decl":{"start":{"line":92,"column":37},"end":{"line":92,"column":38}},"loc":{"start":{"line":92,"column":71},"end":{"line":94,"column":1}},"line":92},"2":{"name":"(anonymous_2)","decl":{"start":{"line":97,"column":30},"end":{"line":97,"column":31}},"loc":{"start":{"line":97,"column":41},"end":{"line":99,"column":1}},"line":97},"3":{"name":"(anonymous_3)","decl":{"start":{"line":102,"column":28},"end":{"line":102,"column":29}},"loc":{"start":{"line":102,"column":39},"end":{"line":119,"column":1}},"line":102}},"branchMap":{"0":{"loc":{"start":{"line":80,"column":2},"end":{"line":80,"column":50}},"type":"if","locations":[{"start":{"line":80,"column":2},"end":{"line":80,"column":50}},{"start":{},"end":{}}],"line":80},"1":{"loc":{"start":{"line":98,"column":12},"end":{"line":98,"column":57}},"type":"binary-expr","locations":[{"start":{"line":98,"column":12},"end":{"line":98,"column":26}},{"start":{"line":98,"column":30},"end":{"line":98,"column":57}}],"line":98}},"s":{"0":3,"1":3,"2":3,"3":3,"4":60,"5":17,"6":43,"7":43,"8":43,"9":43,"10":0,"11":3,"12":2,"13":3,"14":15,"15":3,"16":6,"17":6,"18":6,"19":6,"20":6,"21":6,"22":6,"23":6,"24":6,"25":6,"26":6,"27":3},"f":{"0":60,"1":2,"2":15,"3":6},"b":{"0":[17,43],"1":[15,0]},"_coverageSchema":"1a1c01bbd47fc00a2c39e90264f33305004495a9","hash":"d39040e1c704a4c4eb7e7b0db1412305c79b9e5f"}
,"D:\\NewQr\\ATTENDACE-SYSTEM\\Backend\\routes\\organizationRoutes.js": {"path":"D:\\NewQr\\ATTENDACE-SYSTEM\\Backend\\routes\\organizationRoutes.js","statementMap":{"0":{"start":{"line":1,"column":16},"end":{"line":1,"column":34}},"1":{"start":{"line":2,"column":15},"end":{"line":2,"column":31}},"2":{"start":{"line":3,"column":21},"end":{"line":3,"column":54}},"3":{"start":{"line":4,"column":13},"end":{"line":4,"column":38}},"4":{"start":{"line":5,"column":28},"end":{"line":5,"column":57}},"5":{"start":{"line":6,"column":35},"end":{"line":6,"column":68}},"6":{"start":{"line":7,"column":24},"end":{"line":7,"column":60}},"7":{"start":{"line":14,"column":0},"end":{"line":47,"column":3}},"8":{"start":{"line":17,"column":4},"end":{"line":46,"column":5}},"9":{"start":{"line":18,"column":19},"end":{"line":18,"column":48}},"10":{"start":{"line":19,"column":20},"end":{"line":19,"column":51}},"11":{"start":{"line":20,"column":21},"end":{"line":20,"column":43}},"12":{"start":{"line":22,"column":20},"end":{"line":24,"column":12}},"13":{"start":{"line":26,"column":28},"end":{"line":30,"column":32}},"14":{"start":{"line":32,"column":20},"end":{"line":32,"column":60}},"15":{"start":{"line":34,"column":6},"end":{"line":42,"column":9}},"16":{"start":{"line":44,"column":6},"end":{"line":44,"column":56}},"17":{"start":{"line":45,"column":6},"end":{"line":45,"column":72}},"18":{"start":{"line":54,"column":0},"end":{"line":103,"column":3}},"19":{"start":{"line":59,"column":4},"end":{"line":102,"column":5}},"20":{"start":{"line":60,"column":45},"end":{"line":60,"column":53}},"21":{"start":{"line":63,"column":26},"end":{"line":65,"column":8}},"22":{"start":{"line":67,"column":6},"end":{"line":71,"column":7}},"23":{"start":{"line":68,"column":8},"end":{"line":70,"column":11}},"24":{"start":{"line":74,"column":27},"end":{"line":81,"column":8}},"25":{"start":{"line":83,"column":6},"end":{"line":83,"column":32}},"26":{"start":{"line":86,"column":6},"end":{"line":93,"column":9}},"27":{"start":{"line":95,"column":6},"end":{"line":98,"column":9}},"28":{"start":{"line":100,"column":6},"end":{"line":100,"column":57}},"29":{"start":{"line":101,"column":6},"end":{"line":101,"column":71}},"30":{"start":{"line":110,"column":0},"end":{"line":136,"column":3}},"31":{"start":{"line":113,"column":4},"end":{"line":135,"column":5}},"32":{"start":{"line":114,"column":27},"end":{"line":117,"column":61}},"33":{"start":{"line":119,"column":6},"end":{"line":121,"column":7}},"34":{"start":{"line":120,"column":8},"end":{"line":120,"column":75}},"35":{"start":{"line":124,"column":21},"end":{"line":125,"column":69}},"36":{"start":{"line":125,"column":19},"end":{"line":125,"column":68}},"37":{"start":{"line":127,"column":6},"end":{"line":129,"column":7}},"38":{"start":{"line":128,"column":8},"end":{"line":128,"column":66}},"39":{"start":{"line":131,"column":6},"end":{"line":131,"column":33}},"40":{"start":{"line":133,"column":6},"end":{"line":133,"column":54}},"41":{"start":{"line":134,"column":6},"end":{"line":134,"column":71}},"42":{"start":{"line":143,"column":0},"end":{"line":178,"column":3}},"43":{"start":{"line":148,"column":4},"end":{"line":177,"column":5}},"44":{"start":{"line":149,"column":33},"end":{"line":149,"column":41}},"45":{"start":{"line":150,"column":27},"end":{"line":150,"column":69}},"46":{"start":{"line":152,"column":6},"end":{"line":154,"column":7}},"47":{"start":{"line":153,"column":8},"end":{"line":153,"column":75}},"48":{"start":{"line":157,"column":20},"end":{"line":158,"column":65}},"49":{"start":{"line":158,"column":19},"end":{"line":158,"column":64}},"50":{"start":{"line":160,"column":6},"end":{"line":162,"column":7}},"51":{"start":{"line":161,"column":8},"end":{"line":161,"column":66}},"52":{"start":{"line":165,"column":6},"end":{"line":165,"column":41}},"53":{"start":{"line":165,"column":16},"end":{"line":165,"column":41}},"54":{"start":{"line":166,"column":6},"end":{"line":166,"column":86}},"55":{"start":{"line":166,"column":20},"end":{"line":166,"column":86}},"56":{"start":{"line":168,"column":6},"end":{"line":168,"column":32}},"57":{"start":{"line":170,"column":6},"end":{"line":173,"column":9}},"58":{"start":{"line":175,"column":6},"end":{"line":175,"column":57}},"59":{"start":{"line":176,"column":6},"end":{"line":176,"column":71}},"60":{"start":{"line":185,"column":0},"end":{"line":246,"column":3}},"61":{"start":{"line":190,"column":4},"end":{"line":245,"column":5}},"62":{"start":{"line":191,"column":30},"end":{"line":191,"column":38}},"63":{"start":{"line":192,"column":27},"end":{"line":192,"column":69}},"64":{"start":{"line":194,"column":6},"end":{"line":196,"column":7}},"65":{"start":{"line":195,"column":8},"end":{"line":195,"column":75}},"66":{"start":{"line":199,"column":20},"end":{"line":200,"column":65}},"67":{"start":{"line":200,"column":19},"end":{"line":200,"column":64}},"68":{"start":{"line":202,"column":6},"end":{"line":204,"column":7}},"69":{"start":{"line":203,"column":8},"end":{"line":203,"column":66}},"70":{"start":{"line":207,"column":19},"end":{"line":207,"column":69}},"71":{"start":{"line":208,"column":6},"end":{"line":210,"column":7}},"72":{"start":{"line":209,"column":8},"end":{"line":209,"column":67}},"73":{"start":{"line":213,"column":29},"end":{"line":214,"column":61}},"74":{"start":{"line":214,"column":19},"end":{"line":214,"column":60}},"75":{"start":{"line":216,"column":6},"end":{"line":218,"column":7}},"76":{"start":{"line":217,"column":8},"end":{"line":217,"column":77}},"77":{"start":{"line":221,"column":6},"end":{"line":224,"column":9}},"78":{"start":{"line":226,"column":6},"end":{"line":226,"column":32}},"79":{"start":{"line":229,"column":6},"end":{"line":236,"column":9}},"80":{"start":{"line":238,"column":6},"end":{"line":241,"column":9}},"81":{"start":{"line":243,"column":6},"end":{"line":243,"column":48}},"82":{"start":{"line":244,"column":6},"end":{"line":244,"column":63}},"83":{"start":{"line":253,"column":0},"end":{"line":295,"column":3}},"84":{"start":{"line":257,"column":4},"end":{"line":294,"column":5}},"85":{"start":{"line":258,"column":27},"end":{"line":258,"column":69}},"86":{"start":{"line":260,"column":6},"end":{"line":262,"column":7}},"87":{"start":{"line":261,"column":8},"end":{"line":261,"column":75}},"88":{"start":{"line":265,"column":20},"end":{"line":266,"column":65}},"89":{"start":{"line":266,"column":19},"end":{"line":266,"column":64}},"90":{"start":{"line":268,"column":6},"end":{"line":270,"column":7}},"91":{"start":{"line":269,"column":8},"end":{"line":269,"column":66}},"92":{"start":{"line":273,"column":6},"end":{"line":274,"column":62}},"93":{"start":{"line":274,"column":21},"end":{"line":274,"column":60}},"94":{"start":{"line":276,"column":6},"end":{"line":276,"column":32}},"95":{"start":{"line":279,"column":6},"end":{"line":285,"column":9}},"96":{"start":{"line":287,"column":6},"end":{"line":290,"column":9}},"97":{"start":{"line":292,"column":6},"end":{"line":292,"column":51}},"98":{"start":{"line":293,"column":6},"end":{"line":293,"column":65}},"99":{"start":{"line":302,"column":0},"end":{"line":329,"column":3}},"100":{"start":{"line":306,"column":4},"end":{"line":328,"column":5}},"101":{"start":{"line":307,"column":27},"end":{"line":307,"column":69}},"102":{"start":{"line":309,"column":6},"end":{"line":311,"column":7}},"103":{"start":{"line":310,"column":8},"end":{"line":310,"column":75}},"104":{"start":{"line":314,"column":20},"end":{"line":315,"column":65}},"105":{"start":{"line":315,"column":19},"end":{"line":315,"column":64}},"106":{"start":{"line":317,"column":6},"end":{"line":319,"column":7}},"107":{"start":{"line":318,"column":8},"end":{"line":318,"column":66}},"108":{"start":{"line":322,"column":25},"end":{"line":322,"column":59}},"109":{"start":{"line":324,"column":6},"end":{"line":324,"column":31}},"110":{"start":{"line":326,"column":6},"end":{"line":326,"column":52}},"111":{"start":{"line":327,"column":6},"end":{"line":327,"column":69}},"112":{"start":{"line":331,"column":0},"end":{"line":331,"column":24}}},"fnMap":{"0":{"name":"(anonymous_0)","decl":{"start":{"line":16,"column":2},"end":{"line":16,"column":3}},"loc":{"start":{"line":16,"column":22},"end":{"line":47,"column":1}},"line":16},"1":{"name":"(anonymous_1)","decl":{"start":{"line":58,"column":2},"end":{"line":58,"column":3}},"loc":{"start":{"line":58,"column":22},"end":{"line":103,"column":1}},"line":58},"2":{"name":"(anonymous_2)","decl":{"start":{"line":112,"column":2},"end":{"line":112,"column":3}},"loc":{"start":{"line":112,"column":22},"end":{"line":136,"column":1}},"line":112},"3":{"name":"(anonymous_3)","decl":{"start":{"line":125,"column":14},"end":{"line":125,"column":15}},"loc":{"start":{"line":125,"column":19},"end":{"line":125,"column":68}},"line":125},"4":{"name":"(anonymous_4)","decl":{"start":{"line":147,"column":2},"end":{"line":147,"column":3}},"loc":{"start":{"line":147,"column":22},"end":{"line":178,"column":1}},"line":147},"5":{"name":"(anonymous_5)","decl":{"start":{"line":158,"column":14},"end":{"line":158,"column":15}},"loc":{"start":{"line":158,"column":19},"end":{"line":158,"column":64}},"line":158},"6":{"name":"(anonymous_6)","decl":{"start":{"line":189,"column":2},"end":{"line":189,"column":3}},"loc":{"start":{"line":189,"column":22},"end":{"line":246,"column":1}},"line":189},"7":{"name":"(anonymous_7)","decl":{"start":{"line":200,"column":14},"end":{"line":200,"column":15}},"loc":{"start":{"line":200,"column":19},"end":{"line":200,"column":64}},"line":200},"8":{"name":"(anonymous_8)","decl":{"start":{"line":214,"column":14},"end":{"line":214,"column":15}},"loc":{"start":{"line":214,"column":19},"end":{"line":214,"column":60}},"line":214},"9":{"name":"(anonymous_9)","decl":{"start":{"line":256,"column":2},"end":{"line":256,"column":3}},"loc":{"start":{"line":256,"column":22},"end":{"line":295,"column":1}},"line":256},"10":{"name":"(anonymous_10)","decl":{"start":{"line":266,"column":14},"end":{"line":266,"column":15}},"loc":{"start":{"line":266,"column":19},"end":{"line":266,"column":64}},"line":266},"11":{"name":"(anonymous_11)","decl":{"start":{"line":274,"column":16},"end":{"line":274,"column":17}},"loc":{"start":{"line":274,"column":21},"end":{"line":274,"column":60}},"line":274},"12":{"name":"(anonymous_12)","decl":{"start":{"line":305,"column":2},"end":{"line":305,"column":3}},"loc":{"start":{"line":305,"column":22},"end":{"line":329,"column":1}},"line":305},"13":{"name":"(anonymous_13)","decl":{"start":{"line":315,"column":14},"end":{"line":315,"column":15}},"loc":{"start":{"line":315,"column":19},"end":{"line":315,"column":64}},"line":315}},"branchMap":{"0":{"loc":{"start":{"line":18,"column":19},"end":{"line":18,"column":48}},"type":"binary-expr","locations":[{"start":{"line":18,"column":19},"end":{"line":18,"column":43}},{"start":{"line":18,"column":47},"end":{"line":18,"column":48}}],"line":18},"1":{"loc":{"start":{"line":19,"column":20},"end":{"line":19,"column":51}},"type":"binary-expr","locations":[{"start":{"line":19,"column":20},"end":{"line":19,"column":45}},{"start":{"line":19,"column":49},"end":{"line":19,"column":51}}],"line":19},"2":{"loc":{"start":{"line":20,"column":21},"end":{"line":20,"column":43}},"type":"binary-expr","locations":[{"start":{"line":20,"column":21},"end":{"line":20,"column":37}},{"start":{"line":20,"column":41},"end":{"line":20,"column":43}}],"line":20},"3":{"loc":{"start":{"line":22,"column":20},"end":{"line":24,"column":12}},"type":"cond-expr","locations":[{"start":{"line":23,"column":10},"end":{"line":23,"column":53}},{"start":{"line":24,"column":10},"end":{"line":24,"column":12}}],"line":22},"4":{"loc":{"start":{"line":67,"column":6},"end":{"line":71,"column":7}},"type":"if","locations":[{"start":{"line":67,"column":6},"end":{"line":71,"column":7}},{"start":{},"end":{}}],"line":67},"5":{"loc":{"start":{"line":119,"column":6},"end":{"line":121,"column":7}},"type":"if","locations":[{"start":{"line":119,"column":6},"end":{"line":121,"column":7}},{"start":{},"end":{}}],"line":119},"6":{"loc":{"start":{"line":127,"column":6},"end":{"line":129,"column":7}},"type":"if","locations":[{"start":{"line":127,"column":6},"end":{"line":129,"column":7}},{"start":{},"end":{}}],"line":127},"7":{"loc":{"start":{"line":152,"column":6},"end":{"line":154,"column":7}},"type":"if","locations":[{"start":{"line":152,"column":6},"end":{"line":154,"column":7}},{"start":{},"end":{}}],"line":152},"8":{"loc":{"start":{"line":160,"column":6},"end":{"line":162,"column":7}},"type":"if","locations":[{"start":{"line":160,"column":6},"end":{"line":162,"column":7}},{"start":{},"end":{}}],"line":160},"9":{"loc":{"start":{"line":165,"column":6},"end":{"line":165,"column":41}},"type":"if","locations":[{"start":{"line":165,"column":6},"end":{"line":165,"column":41}},{"start":{},"end":{}}],"line":165},"10":{"loc":{"start":{"line":166,"column":6},"end":{"line":166,"column":86}},"type":"if","locations":[{"start":{"line":166,"column":6},"end":{"line":166,"column":86}},{"start":{},"end":{}}],"line":166},"11":{"loc":{"start":{"line":194,"column":6},"end":{"line":196,"column":7}},"type":"if","locations":[{"start":{"line":194,"column":6},"end":{"line":196,"column":7}},{"start":{},"end":{}}],"line":194},"12":{"loc":{"start":{"line":202,"column":6},"end":{"line":204,"column":7}},"type":"if","locations":[{"start":{"line":202,"column":6},"end":{"line":204,"column":7}},{"start":{},"end":{}}],"line":202},"13":{"loc":{"start":{"line":208,"column":6},"end":{"line":210,"column":7}},"type":"if","locations":[{"start":{"line":208,"column":6},"end":{"line":210,"column":7}},{"start":{},"end":{}}],"line":208},"14":{"loc":{"start":{"line":216,"column":6},"end":{"line":218,"column":7}},"type":"if","locations":[{"start":{"line":216,"column":6},"end":{"line":218,"column":7}},{"start":{},"end":{}}],"line":216},"15":{"loc":{"start":{"line":260,"column":6},"end":{"line":262,"column":7}},"type":"if","locations":[{"start":{"line":260,"column":6},"end":{"line":262,"column":7}},{"start":{},"end":{}}],"line":260},"16":{"loc":{"start":{"line":268,"column":6},"end":{"line":270,"column":7}},"type":"if","locations":[{"start":{"line":268,"column":6},"end":{"line":270,"column":7}},{"start":{},"end":{}}],"line":268},"17":{"loc":{"start":{"line":309,"column":6},"end":{"line":311,"column":7}},"type":"if","locations":[{"start":{"line":309,"column":6},"end":{"line":311,"column":7}},{"start":{},"end":{}}],"line":309},"18":{"loc":{"start":{"line":317,"column":6},"end":{"line":319,"column":7}},"type":"if","locations":[{"start":{"line":317,"column":6},"end":{"line":319,"column":7}},{"start":{},"end":{}}],"line":317}},"s":{"0":3,"1":3,"2":3,"3":3,"4":3,"5":3,"6":3,"7":3,"8":2,"9":2,"10":2,"11":2,"12":2,"13":2,"14":2,"15":2,"16":0,"17":0,"18":3,"19":1,"20":1,"21":1,"22":1,"23":0,"24":1,"25":1,"26":1,"27":1,"28":0,"29":0,"30":3,"31":2,"32":2,"33":2,"34":0,"35":2,"36":2,"37":2,"38":1,"39":1,"40":0,"41":0,"42":3,"43":0,"44":0,"45":0,"46":0,"47":0,"48":0,"49":0,"50":0,"51":0,"52":0,"53":0,"54":0,"55":0,"56":0,"57":0,"58":0,"59":0,"60":3,"61":0,"62":0,"63":0,"64":0,"65":0,"66":0,"67":0,"68":0,"69":0,"70":0,"71":0,"72":0,"73":0,"74":0,"75":0,"76":0,"77":0,"78":0,"79":0,"80":0,"81":0,"82":0,"83":3,"84":0,"85":0,"86":0,"87":0,"88":0,"89":0,"90":0,"91":0,"92":0,"93":0,"94":0,"95":0,"96":0,"97":0,"98":0,"99":3,"100":0,"101":0,"102":0,"103":0,"104":0,"105":0,"106":0,"107":0,"108":0,"109":0,"110":0,"111":0,"112":3},"f":{"0":2,"1":1,"2":2,"3":2,"4":0,"5":0,"6":0,"7":0,"8":0,"9":0,"10":0,"11":0,"12":0,"13":0},"b":{"0":[2,2],"1":[2,2],"2":[2,2],"3":[0,2],"4":[0,1],"5":[0,2],"6":[1,1],"7":[0,0],"8":[0,0],"9":[0,0],"10":[0,0],"11":[0,0],"12":[0,0],"13":[0,0],"14":[0,0],"15":[0,0],"16":[0,0],"17":[0,0],"18":[0,0]},"_coverageSchema":"1a1c01bbd47fc00a2c39e90264f33305004495a9","hash":"aef4b35b495d5711da42d798a53368e420ea4a52"}
,"D:\\NewQr\\ATTENDACE-SYSTEM\\Backend\\routes\\sessionRoutes.js": {"path":"D:\\NewQr\\ATTENDACE-SYSTEM\\Backend\\routes\\sessionRoutes.js","statementMap":{"0":{"start":{"line":1,"column":16},"end":{"line":1,"column":34}},"1":{"start":{"line":2,"column":15},"end":{"line":2,"column":31}},"2":{"start":{"line":3,"column":15},"end":{"line":3,"column":32}},"3":{"start":{"line":4,"column":15},"end":{"line":4,"column":32}},"4":{"start":{"line":5,"column":28},"end":{"line":5,"column":57}},"5":{"start":{"line":6,"column":16},"end":{"line":6,"column":44}},"6":{"start":{"line":7,"column":19},"end":{"line":7,"column":50}},"7":{"start":{"line":8,"column":30},"end":{"line":8,"column":63}},"8":{"start":{"line":15,"column":0},"end":{"line":68,"column":3}},"9":{"start":{"line":20,"column":4},"end":{"line":67,"column":5}},"10":{"start":{"line":29,"column":10},"end":{"line":29,"column":18}},"11":{"start":{"line":32,"column":21},"end":{"line":32,"column":59}},"12":{"start":{"line":34,"column":22},"end":{"line":51,"column":8}},"13":{"start":{"line":53,"column":6},"end":{"line":53,"column":27}},"14":{"start":{"line":56,"column":21},"end":{"line":56,"column":45}},"15":{"start":{"line":57,"column":21},"end":{"line":57,"column":51}},"16":{"start":{"line":59,"column":6},"end":{"line":63,"column":9}},"17":{"start":{"line":65,"column":6},"end":{"line":65,"column":52}},"18":{"start":{"line":66,"column":6},"end":{"line":66,"column":66}},"19":{"start":{"line":75,"column":0},"end":{"line":123,"column":3}},"20":{"start":{"line":78,"column":4},"end":{"line":122,"column":5}},"21":{"start":{"line":79,"column":22},"end":{"line":79,"column":59}},"22":{"start":{"line":80,"column":6},"end":{"line":82,"column":7}},"23":{"start":{"line":81,"column":8},"end":{"line":81,"column":70}},"24":{"start":{"line":85,"column":33},"end":{"line":88,"column":8}},"25":{"start":{"line":90,"column":6},"end":{"line":92,"column":7}},"26":{"start":{"line":91,"column":8},"end":{"line":91,"column":78}},"27":{"start":{"line":94,"column":35},"end":{"line":94,"column":43}},"28":{"start":{"line":97,"column":25},"end":{"line":111,"column":8}},"29":{"start":{"line":113,"column":6},"end":{"line":113,"column":30}},"30":{"start":{"line":115,"column":6},"end":{"line":118,"column":9}},"31":{"start":{"line":120,"column":6},"end":{"line":120,"column":53}},"32":{"start":{"line":121,"column":6},"end":{"line":121,"column":68}},"33":{"start":{"line":130,"column":0},"end":{"line":169,"column":3}},"34":{"start":{"line":134,"column":4},"end":{"line":168,"column":5}},"35":{"start":{"line":135,"column":22},"end":{"line":135,"column":59}},"36":{"start":{"line":136,"column":6},"end":{"line":138,"column":7}},"37":{"start":{"line":137,"column":8},"end":{"line":137,"column":70}},"38":{"start":{"line":140,"column":25},"end":{"line":152,"column":8}},"39":{"start":{"line":154,"column":29},"end":{"line":158,"column":7}},"40":{"start":{"line":160,"column":6},"end":{"line":162,"column":9}},"41":{"start":{"line":161,"column":8},"end":{"line":161,"column":46}},"42":{"start":{"line":164,"column":6},"end":{"line":164,"column":47}},"43":{"start":{"line":166,"column":6},"end":{"line":166,"column":52}},"44":{"start":{"line":167,"column":6},"end":{"line":167,"column":68}},"45":{"start":{"line":176,"column":0},"end":{"line":198,"column":3}},"46":{"start":{"line":180,"column":4},"end":{"line":197,"column":5}},"47":{"start":{"line":181,"column":22},"end":{"line":181,"column":59}},"48":{"start":{"line":182,"column":6},"end":{"line":184,"column":7}},"49":{"start":{"line":183,"column":8},"end":{"line":183,"column":70}},"50":{"start":{"line":186,"column":6},"end":{"line":188,"column":7}},"51":{"start":{"line":187,"column":8},"end":{"line":187,"column":70}},"52":{"start":{"line":190,"column":21},"end":{"line":190,"column":45}},"53":{"start":{"line":191,"column":21},"end":{"line":191,"column":51}},"54":{"start":{"line":193,"column":6},"end":{"line":193,"column":27}},"55":{"start":{"line":195,"column":6},"end":{"line":195,"column":49}},"56":{"start":{"line":196,"column":6},"end":{"line":196,"column":68}},"57":{"start":{"line":205,"column":0},"end":{"line":240,"column":3}},"58":{"start":{"line":209,"column":4},"end":{"line":239,"column":5}},"59":{"start":{"line":210,"column":22},"end":{"line":210,"column":59}},"60":{"start":{"line":211,"column":6},"end":{"line":213,"column":7}},"61":{"start":{"line":212,"column":8},"end":{"line":212,"column":70}},"62":{"start":{"line":215,"column":19},"end":{"line":215,"column":48}},"63":{"start":{"line":216,"column":20},"end":{"line":216,"column":51}},"64":{"start":{"line":218,"column":25},"end":{"line":223,"column":32}},"65":{"start":{"line":225,"column":20},"end":{"line":225,"column":77}},"66":{"start":{"line":227,"column":6},"end":{"line":235,"column":9}},"67":{"start":{"line":237,"column":6},"end":{"line":237,"column":52}},"68":{"start":{"line":238,"column":6},"end":{"line":238,"column":69}},"69":{"start":{"line":242,"column":0},"end":{"line":242,"column":24}}},"fnMap":{"0":{"name":"(anonymous_0)","decl":{"start":{"line":19,"column":2},"end":{"line":19,"column":3}},"loc":{"start":{"line":19,"column":22},"end":{"line":68,"column":1}},"line":19},"1":{"name":"(anonymous_1)","decl":{"start":{"line":77,"column":2},"end":{"line":77,"column":3}},"loc":{"start":{"line":77,"column":22},"end":{"line":123,"column":1}},"line":77},"2":{"name":"(anonymous_2)","decl":{"start":{"line":133,"column":2},"end":{"line":133,"column":3}},"loc":{"start":{"line":133,"column":22},"end":{"line":169,"column":1}},"line":133},"3":{"name":"(anonymous_3)","decl":{"start":{"line":160,"column":25},"end":{"line":160,"column":26}},"loc":{"start":{"line":160,"column":33},"end":{"line":162,"column":7}},"line":160},"4":{"name":"(anonymous_4)","decl":{"start":{"line":179,"column":2},"end":{"line":179,"column":3}},"loc":{"start":{"line":179,"column":22},"end":{"line":198,"column":1}},"line":179},"5":{"name":"(anonymous_5)","decl":{"start":{"line":208,"column":2},"end":{"line":208,"column":3}},"loc":{"start":{"line":208,"column":22},"end":{"line":240,"column":1}},"line":208}},"branchMap":{"0":{"loc":{"start":{"line":42,"column":18},"end":{"line":42,"column":40}},"type":"binary-expr","locations":[{"start":{"line":42,"column":18},"end":{"line":42,"column":33}},{"start":{"line":42,"column":37},"end":{"line":42,"column":40}}],"line":42},"1":{"loc":{"start":{"line":49,"column":27},"end":{"line":49,"column":60}},"type":"binary-expr","locations":[{"start":{"line":49,"column":27},"end":{"line":49,"column":54}},{"start":{"line":49,"column":58},"end":{"line":49,"column":60}}],"line":49},"2":{"loc":{"start":{"line":80,"column":6},"end":{"line":82,"column":7}},"type":"if","locations":[{"start":{"line":80,"column":6},"end":{"line":82,"column":7}},{"start":{},"end":{}}],"line":80},"3":{"loc":{"start":{"line":90,"column":6},"end":{"line":92,"column":7}},"type":"if","locations":[{"start":{"line":90,"column":6},"end":{"line":92,"column":7}},{"start":{},"end":{}}],"line":90},"4":{"loc":{"start":{"line":136,"column":6},"end":{"line":138,"column":7}},"type":"if","locations":[{"start":{"line":136,"column":6},"end":{"line":138,"column":7}},{"start":{},"end":{}}],"line":136},"5":{"loc":{"start":{"line":182,"column":6},"end":{"line":184,"column":7}},"type":"if","locations":[{"start":{"line":182,"column":6},"end":{"line":184,"column":7}},{"start":{},"end":{}}],"line":182},"6":{"loc":{"start":{"line":186,"column":6},"end":{"line":188,"column":7}},"type":"if","locations":[{"start":{"line":186,"column":6},"end":{"line":188,"column":7}},{"start":{},"end":{}}],"line":186},"7":{"loc":{"start":{"line":186,"column":10},"end":{"line":186,"column":70}},"type":"binary-expr","locations":[{"start":{"line":186,"column":10},"end":{"line":186,"column":36}},{"start":{"line":186,"column":40},"end":{"line":186,"column":70}}],"line":186},"8":{"loc":{"start":{"line":211,"column":6},"end":{"line":213,"column":7}},"type":"if","locations":[{"start":{"line":211,"column":6},"end":{"line":213,"column":7}},{"start":{},"end":{}}],"line":211},"9":{"loc":{"start":{"line":215,"column":19},"end":{"line":215,"column":48}},"type":"binary-expr","locations":[{"start":{"line":215,"column":19},"end":{"line":215,"column":43}},{"start":{"line":215,"column":47},"end":{"line":215,"column":48}}],"line":215},"10":{"loc":{"start":{"line":216,"column":20},"end":{"line":216,"column":51}},"type":"binary-expr","locations":[{"start":{"line":216,"column":20},"end":{"line":216,"column":45}},{"start":{"line":216,"column":49},"end":{"line":216,"column":51}}],"line":216}},"s":{"0":3,"1":3,"2":3,"3":3,"4":3,"5":3,"6":3,"7":3,"8":3,"9":1,"10":1,"11":1,"12":1,"13":1,"14":1,"15":1,"16":1,"17":0,"18":0,"19":3,"20":2,"21":2,"22":2,"23":0,"24":2,"25":2,"26":1,"27":1,"28":1,"29":1,"30":1,"31":0,"32":0,"33":3,"34":1,"35":1,"36":1,"37":0,"38":1,"39":1,"40":1,"41":2,"42":1,"43":0,"44":0,"45":3,"46":0,"47":0,"48":0,"49":0,"50":0,"51":0,"52":0,"53":0,"54":0,"55":0,"56":0,"57":3,"58":0,"59":0,"60":0,"61":0,"62":0,"63":0,"64":0,"65":0,"66":0,"67":0,"68":0,"69":3},"f":{"0":1,"1":2,"2":1,"3":2,"4":0,"5":0},"b":{"0":[1,0],"1":[1,1],"2":[0,2],"3":[1,1],"4":[0,1],"5":[0,0],"6":[0,0],"7":[0,0],"8":[0,0],"9":[0,0],"10":[0,0]},"_coverageSchema":"1a1c01bbd47fc00a2c39e90264f33305004495a9","hash":"a7c9d3de3efd12336eb10b40e2d903d1a8d00c71"}
,"D:\\NewQr\\ATTENDACE-SYSTEM\\Backend\\routes\\userRoutes.js": {"path":"D:\\NewQr\\ATTENDACE-SYSTEM\\Backend\\routes\\userRoutes.js","statementMap":{"0":{"start":{"line":1,"column":16},"end":{"line":1,"column":34}},"1":{"start":{"line":2,"column":15},"end":{"line":2,"column":31}},"2":{"start":{"line":3,"column":12},"end":{"line":3,"column":35}},"3":{"start":{"line":4,"column":15},"end":{"line":4,"column":32}},"4":{"start":{"line":5,"column":13},"end":{"line":5,"column":38}},"5":{"start":{"line":6,"column":21},"end":{"line":6,"column":54}},"6":{"start":{"line":7,"column":17},"end":{"line":7,"column":46}},"7":{"start":{"line":8,"column":17},"end":{"line":8,"column":50}},"8":{"start":{"line":9,"column":24},"end":{"line":9,"column":60}},"9":{"start":{"line":10,"column":18},"end":{"line":10,"column":43}},"10":{"start":{"line":13,"column":22},"end":{"line":18,"column":1}},"11":{"start":{"line":25,"column":0},"end":{"line":85,"column":3}},"12":{"start":{"line":28,"column":4},"end":{"line":84,"column":5}},"13":{"start":{"line":29,"column":55},"end":{"line":29,"column":63}},"14":{"start":{"line":32,"column":27},"end":{"line":32,"column":77}},"15":{"start":{"line":33,"column":6},"end":{"line":35,"column":7}},"16":{"start":{"line":34,"column":8},"end":{"line":34,"column":77}},"17":{"start":{"line":38,"column":19},"end":{"line":44,"column":8}},"18":{"start":{"line":47,"column":20},"end":{"line":49,"column":8}},"19":{"start":{"line":52,"column":6},"end":{"line":52,"column":32}},"20":{"start":{"line":53,"column":6},"end":{"line":53,"column":24}},"21":{"start":{"line":56,"column":32},"end":{"line":56,"column":70}},"22":{"start":{"line":57,"column":6},"end":{"line":60,"column":23}},"23":{"start":{"line":61,"column":6},"end":{"line":61,"column":71}},"24":{"start":{"line":62,"column":6},"end":{"line":62,"column":24}},"25":{"start":{"line":65,"column":30},"end":{"line":65,"column":93}},"26":{"start":{"line":66,"column":6},"end":{"line":74,"column":9}},"27":{"start":{"line":76,"column":6},"end":{"line":80,"column":9}},"28":{"start":{"line":82,"column":6},"end":{"line":82,"column":50}},"29":{"start":{"line":83,"column":6},"end":{"line":83,"column":66}},"30":{"start":{"line":92,"column":0},"end":{"line":152,"column":3}},"31":{"start":{"line":95,"column":4},"end":{"line":151,"column":5}},"32":{"start":{"line":96,"column":34},"end":{"line":96,"column":42}},"33":{"start":{"line":99,"column":19},"end":{"line":101,"column":72}},"34":{"start":{"line":103,"column":6},"end":{"line":105,"column":7}},"35":{"start":{"line":104,"column":8},"end":{"line":104,"column":72}},"36":{"start":{"line":108,"column":6},"end":{"line":112,"column":7}},"37":{"start":{"line":109,"column":8},"end":{"line":111,"column":11}},"38":{"start":{"line":115,"column":22},"end":{"line":115,"column":58}},"39":{"start":{"line":116,"column":6},"end":{"line":127,"column":7}},"40":{"start":{"line":118,"column":8},"end":{"line":118,"column":38}},"41":{"start":{"line":121,"column":8},"end":{"line":123,"column":9}},"42":{"start":{"line":122,"column":10},"end":{"line":122,"column":55}},"43":{"start":{"line":125,"column":8},"end":{"line":125,"column":26}},"44":{"start":{"line":126,"column":8},"end":{"line":126,"column":72}},"45":{"start":{"line":130,"column":6},"end":{"line":130,"column":35}},"46":{"start":{"line":131,"column":6},"end":{"line":131,"column":33}},"47":{"start":{"line":132,"column":6},"end":{"line":132,"column":34}},"48":{"start":{"line":135,"column":20},"end":{"line":137,"column":8}},"49":{"start":{"line":140,"column":6},"end":{"line":140,"column":50}},"50":{"start":{"line":141,"column":6},"end":{"line":141,"column":24}},"51":{"start":{"line":143,"column":6},"end":{"line":147,"column":9}},"52":{"start":{"line":149,"column":6},"end":{"line":149,"column":43}},"53":{"start":{"line":150,"column":6},"end":{"line":150,"column":60}},"54":{"start":{"line":159,"column":0},"end":{"line":168,"column":3}},"55":{"start":{"line":160,"column":2},"end":{"line":167,"column":3}},"56":{"start":{"line":161,"column":17},"end":{"line":162,"column":70}},"57":{"start":{"line":163,"column":4},"end":{"line":163,"column":19}},"58":{"start":{"line":165,"column":4},"end":{"line":165,"column":43}},"59":{"start":{"line":166,"column":4},"end":{"line":166,"column":63}},"60":{"start":{"line":175,"column":0},"end":{"line":198,"column":3}},"61":{"start":{"line":179,"column":4},"end":{"line":197,"column":5}},"62":{"start":{"line":180,"column":22},"end":{"line":180,"column":30}},"63":{"start":{"line":181,"column":29},"end":{"line":181,"column":54}},"64":{"start":{"line":182,"column":31},"end":{"line":184,"column":7}},"65":{"start":{"line":183,"column":8},"end":{"line":183,"column":39}},"66":{"start":{"line":186,"column":6},"end":{"line":188,"column":7}},"67":{"start":{"line":187,"column":8},"end":{"line":187,"column":68}},"68":{"start":{"line":190,"column":6},"end":{"line":190,"column":39}},"69":{"start":{"line":191,"column":6},"end":{"line":191,"column":28}},"70":{"start":{"line":193,"column":6},"end":{"line":193,"column":25}},"71":{"start":{"line":195,"column":6},"end":{"line":195,"column":52}},"72":{"start":{"line":196,"column":6},"end":{"line":196,"column":66}},"73":{"start":{"line":205,"column":0},"end":{"line":215,"column":3}},"74":{"start":{"line":206,"column":2},"end":{"line":214,"column":3}},"75":{"start":{"line":208,"column":4},"end":{"line":208,"column":81}},"76":{"start":{"line":208,"column":54},"end":{"line":208,"column":79}},"77":{"start":{"line":209,"column":4},"end":{"line":209,"column":26}},"78":{"start":{"line":210,"column":4},"end":{"line":210,"column":53}},"79":{"start":{"line":212,"column":4},"end":{"line":212,"column":42}},"80":{"start":{"line":213,"column":4},"end":{"line":213,"column":59}},"81":{"start":{"line":222,"column":0},"end":{"line":231,"column":3}},"82":{"start":{"line":223,"column":2},"end":{"line":230,"column":3}},"83":{"start":{"line":224,"column":4},"end":{"line":224,"column":25}},"84":{"start":{"line":225,"column":4},"end":{"line":225,"column":26}},"85":{"start":{"line":226,"column":4},"end":{"line":226,"column":57}},"86":{"start":{"line":228,"column":4},"end":{"line":228,"column":46}},"87":{"start":{"line":229,"column":4},"end":{"line":229,"column":76}},"88":{"start":{"line":238,"column":0},"end":{"line":264,"column":3}},"89":{"start":{"line":239,"column":2},"end":{"line":263,"column":3}},"90":{"start":{"line":240,"column":24},"end":{"line":243,"column":20}},"91":{"start":{"line":245,"column":17},"end":{"line":248,"column":6}},"92":{"start":{"line":250,"column":4},"end":{"line":252,"column":5}},"93":{"start":{"line":251,"column":6},"end":{"line":251,"column":75}},"94":{"start":{"line":254,"column":4},"end":{"line":254,"column":32}},"95":{"start":{"line":255,"column":4},"end":{"line":255,"column":44}},"96":{"start":{"line":256,"column":4},"end":{"line":256,"column":46}},"97":{"start":{"line":257,"column":4},"end":{"line":257,"column":22}},"98":{"start":{"line":259,"column":4},"end":{"line":259,"column":57}},"99":{"start":{"line":261,"column":4},"end":{"line":261,"column":54}},"100":{"start":{"line":262,"column":4},"end":{"line":262,"column":63}},"101":{"start":{"line":271,"column":0},"end":{"line":306,"column":3}},"102":{"start":{"line":274,"column":4},"end":{"line":305,"column":5}},"103":{"start":{"line":275,"column":19},"end":{"line":275,"column":78}},"104":{"start":{"line":276,"column":6},"end":{"line":278,"column":7}},"105":{"start":{"line":277,"column":8},"end":{"line":277,"column":76}},"106":{"start":{"line":281,"column":25},"end":{"line":281,"column":63}},"107":{"start":{"line":282,"column":6},"end":{"line":285,"column":23}},"108":{"start":{"line":286,"column":6},"end":{"line":286,"column":62}},"109":{"start":{"line":287,"column":6},"end":{"line":287,"column":24}},"110":{"start":{"line":290,"column":23},"end":{"line":290,"column":81}},"111":{"start":{"line":291,"column":6},"end":{"line":299,"column":9}},"112":{"start":{"line":301,"column":6},"end":{"line":301,"column":57}},"113":{"start":{"line":303,"column":6},"end":{"line":303,"column":53}},"114":{"start":{"line":304,"column":6},"end":{"line":304,"column":69}},"115":{"start":{"line":313,"column":0},"end":{"line":341,"column":3}},"116":{"start":{"line":316,"column":4},"end":{"line":340,"column":5}},"117":{"start":{"line":317,"column":26},"end":{"line":320,"column":22}},"118":{"start":{"line":322,"column":19},"end":{"line":325,"column":8}},"119":{"start":{"line":327,"column":6},"end":{"line":329,"column":7}},"120":{"start":{"line":328,"column":8},"end":{"line":328,"column":77}},"121":{"start":{"line":331,"column":6},"end":{"line":331,"column":40}},"122":{"start":{"line":332,"column":6},"end":{"line":332,"column":42}},"123":{"start":{"line":333,"column":6},"end":{"line":333,"column":44}},"124":{"start":{"line":334,"column":6},"end":{"line":334,"column":24}},"125":{"start":{"line":336,"column":6},"end":{"line":336,"column":57}},"126":{"start":{"line":338,"column":6},"end":{"line":338,"column":52}},"127":{"start":{"line":339,"column":6},"end":{"line":339,"column":68}},"128":{"start":{"line":343,"column":0},"end":{"line":343,"column":24}}},"fnMap":{"0":{"name":"(anonymous_0)","decl":{"start":{"line":27,"column":2},"end":{"line":27,"column":3}},"loc":{"start":{"line":27,"column":22},"end":{"line":85,"column":1}},"line":27},"1":{"name":"(anonymous_1)","decl":{"start":{"line":94,"column":2},"end":{"line":94,"column":3}},"loc":{"start":{"line":94,"column":22},"end":{"line":152,"column":1}},"line":94},"2":{"name":"(anonymous_2)","decl":{"start":{"line":159,"column":29},"end":{"line":159,"column":30}},"loc":{"start":{"line":159,"column":49},"end":{"line":168,"column":1}},"line":159},"3":{"name":"(anonymous_3)","decl":{"start":{"line":178,"column":2},"end":{"line":178,"column":3}},"loc":{"start":{"line":178,"column":22},"end":{"line":198,"column":1}},"line":178},"4":{"name":"(anonymous_4)","decl":{"start":{"line":182,"column":58},"end":{"line":182,"column":59}},"loc":{"start":{"line":183,"column":8},"end":{"line":183,"column":39}},"line":183},"5":{"name":"(anonymous_5)","decl":{"start":{"line":205,"column":29},"end":{"line":205,"column":30}},"loc":{"start":{"line":205,"column":49},"end":{"line":215,"column":1}},"line":205},"6":{"name":"(anonymous_6)","decl":{"start":{"line":208,"column":45},"end":{"line":208,"column":46}},"loc":{"start":{"line":208,"column":54},"end":{"line":208,"column":79}},"line":208},"7":{"name":"(anonymous_7)","decl":{"start":{"line":222,"column":33},"end":{"line":222,"column":34}},"loc":{"start":{"line":222,"column":53},"end":{"line":231,"column":1}},"line":222},"8":{"name":"(anonymous_8)","decl":{"start":{"line":238,"column":35},"end":{"line":238,"column":36}},"loc":{"start":{"line":238,"column":55},"end":{"line":264,"column":1}},"line":238},"9":{"name":"(anonymous_9)","decl":{"start":{"line":273,"column":2},"end":{"line":273,"column":3}},"loc":{"start":{"line":273,"column":22},"end":{"line":306,"column":1}},"line":273},"10":{"name":"(anonymous_10)","decl":{"start":{"line":315,"column":2},"end":{"line":315,"column":3}},"loc":{"start":{"line":315,"column":22},"end":{"line":341,"column":1}},"line":315}},"branchMap":{"0":{"loc":{"start":{"line":33,"column":6},"end":{"line":35,"column":7}},"type":"if","locations":[{"start":{"line":33,"column":6},"end":{"line":35,"column":7}},{"start":{},"end":{}}],"line":33},"1":{"loc":{"start":{"line":103,"column":6},"end":{"line":105,"column":7}},"type":"if","locations":[{"start":{"line":103,"column":6},"end":{"line":105,"column":7}},{"start":{},"end":{}}],"line":103},"2":{"loc":{"start":{"line":108,"column":6},"end":{"line":112,"column":7}},"type":"if","locations":[{"start":{"line":108,"column":6},"end":{"line":112,"column":7}},{"start":{},"end":{}}],"line":108},"3":{"loc":{"start":{"line":116,"column":6},"end":{"line":127,"column":7}},"type":"if","locations":[{"start":{"line":116,"column":6},"end":{"line":127,"column":7}},{"start":{},"end":{}}],"line":116},"4":{"loc":{"start":{"line":121,"column":8},"end":{"line":123,"column":9}},"type":"if","locations":[{"start":{"line":121,"column":8},"end":{"line":123,"column":9}},{"start":{},"end":{}}],"line":121},"5":{"loc":{"start":{"line":186,"column":6},"end":{"line":188,"column":7}},"type":"if","locations":[{"start":{"line":186,"column":6},"end":{"line":188,"column":7}},{"start":{},"end":{}}],"line":186},"6":{"loc":{"start":{"line":250,"column":4},"end":{"line":252,"column":5}},"type":"if","locations":[{"start":{"line":250,"column":4},"end":{"line":252,"column":5}},{"start":{},"end":{}}],"line":250},"7":{"loc":{"start":{"line":276,"column":6},"end":{"line":278,"column":7}},"type":"if","locations":[{"start":{"line":276,"column":6},"end":{"line":278,"column":7}},{"start":{},"end":{}}],"line":276},"8":{"loc":{"start":{"line":327,"column":6},"end":{"line":329,"column":7}},"type":"if","locations":[{"start":{"line":327,"column":6},"end":{"line":329,"column":7}},{"start":{},"end":{}}],"line":327}},"s":{"0":3,"1":3,"2":3,"3":3,"4":3,"5":3,"6":3,"7":3,"8":3,"9":3,"10":3,"11":3,"12":2,"13":2,"14":2,"15":2,"16":1,"17":1,"18":1,"19":1,"20":1,"21":1,"22":1,"23":1,"24":1,"25":1,"26":1,"27":1,"28":0,"29":0,"30":3,"31":2,"32":2,"33":2,"34":2,"35":0,"36":2,"37":0,"38":2,"39":2,"40":1,"41":1,"42":0,"43":1,"44":1,"45":1,"46":1,"47":1,"48":1,"49":1,"50":1,"51":1,"52":0,"53":0,"54":3,"55":1,"56":1,"57":1,"58":0,"59":0,"60":3,"61":2,"62":2,"63":2,"64":2,"65":3,"66":2,"67":1,"68":1,"69":1,"70":1,"71":0,"72":0,"73":3,"74":0,"75":0,"76":0,"77":0,"78":0,"79":0,"80":0,"81":3,"82":0,"83":0,"84":0,"85":0,"86":0,"87":0,"88":3,"89":0,"90":0,"91":0,"92":0,"93":0,"94":0,"95":0,"96":0,"97":0,"98":0,"99":0,"100":0,"101":3,"102":0,"103":0,"104":0,"105":0,"106":0,"107":0,"108":0,"109":0,"110":0,"111":0,"112":0,"113":0,"114":0,"115":3,"116":0,"117":0,"118":0,"119":0,"120":0,"121":0,"122":0,"123":0,"124":0,"125":0,"126":0,"127":0,"128":3},"f":{"0":2,"1":2,"2":1,"3":2,"4":3,"5":0,"6":0,"7":0,"8":0,"9":0,"10":0},"b":{"0":[1,1],"1":[0,2],"2":[0,2],"3":[1,1],"4":[0,1],"5":[1,1],"6":[0,0],"7":[0,0],"8":[0,0]},"_coverageSchema":"1a1c01bbd47fc00a2c39e90264f33305004495a9","hash":"5f72ff9b40d33020a7d536b620141bf3706d6c53"}
,"D:\\NewQr\\ATTENDACE-SYSTEM\\Backend\\utils\\email.js": {"path":"D:\\NewQr\\ATTENDACE-SYSTEM\\Backend\\utils\\email.js","statementMap":{"0":{"start":{"line":2,"column":18},"end":{"line":5,"column":1}},"1":{"start":{"line":3,"column":2},"end":{"line":3,"column":43}},"2":{"start":{"line":4,"column":2},"end":{"line":4,"column":14}},"3":{"start":{"line":7,"column":0},"end":{"line":7,"column":27}}},"fnMap":{"0":{"name":"(anonymous_0)","decl":{"start":{"line":2,"column":18},"end":{"line":2,"column":19}},"loc":{"start":{"line":2,"column":51},"end":{"line":5,"column":1}},"line":2}},"branchMap":{},"s":{"0":3,"1":1,"2":1,"3":3},"f":{"0":1},"b":{},"_coverageSchema":"1a1c01bbd47fc00a2c39e90264f33305004495a9","hash":"dfe2f1907842bb7429d7b0bcfee601b1cdc56c4e"}
}
