TN:
SF:app.js
FN:38,(anonymous_0)
FN:43,(anonymous_1)
FNF:2
FNH:0
FNDA:0,(anonymous_0)
FNDA:0,(anonymous_1)
DA:1,3
DA:2,3
DA:3,3
DA:4,3
DA:6,3
DA:9,3
DA:10,3
DA:13,3
DA:21,3
DA:24,3
DA:25,3
DA:26,3
DA:29,3
DA:30,3
DA:33,3
DA:34,3
DA:35,3
DA:38,3
DA:39,0
DA:43,3
DA:44,0
DA:45,0
DA:51,3
LF:23
LH:20
BRDA:14,0,0,3
BRDA:14,0,1,0
BRDA:47,1,0,0
BRDA:47,1,1,0
BRF:4
BRH:1
end_of_record
TN:
SF:middleware\auth.js
FN:24,(anonymous_0)
FN:93,(anonymous_1)
FN:94,(anonymous_2)
FN:105,(anonymous_3)
FN:106,(anonymous_4)
FN:111,(anonymous_5)
FN:126,(anonymous_6)
FNF:7
FNH:3
FNDA:14,(anonymous_0)
FNDA:27,(anonymous_1)
FNDA:6,(anonymous_2)
FNDA:0,(anonymous_3)
FNDA:0,(anonymous_4)
FNDA:0,(anonymous_5)
FNDA:0,(anonymous_6)
DA:1,3
DA:2,3
DA:24,3
DA:25,14
DA:27,14
DA:28,14
DA:29,1
DA:32,13
DA:35,13
DA:36,13
DA:37,0
DA:41,13
DA:48,13
DA:49,0
DA:53,13
DA:54,0
DA:60,13
DA:61,0
DA:67,13
DA:68,0
DA:69,0
DA:70,0
DA:74,13
DA:75,13
DA:78,13
DA:79,13
DA:81,0
DA:82,0
DA:83,0
DA:85,0
DA:86,0
DA:88,0
DA:93,3
DA:94,27
DA:95,6
DA:96,1
DA:100,5
DA:105,3
DA:106,0
DA:107,0
DA:110,0
DA:111,0
DA:114,0
DA:115,0
DA:120,0
DA:121,0
DA:126,3
DA:127,0
DA:130,0
DA:132,0
DA:133,0
DA:134,0
DA:137,0
DA:140,3
LF:54
LH:27
BRDA:28,0,0,1
BRDA:28,0,1,13
BRDA:28,1,0,14
BRDA:28,1,1,13
BRDA:36,2,0,0
BRDA:36,2,1,13
BRDA:48,3,0,0
BRDA:48,3,1,13
BRDA:53,4,0,0
BRDA:53,4,1,13
BRDA:60,5,0,0
BRDA:60,5,1,13
BRDA:67,6,0,0
BRDA:67,6,1,13
BRDA:82,7,0,0
BRDA:82,7,1,0
BRDA:85,8,0,0
BRDA:85,8,1,0
BRDA:95,9,0,1
BRDA:95,9,1,5
BRDA:114,10,0,0
BRDA:114,10,1,0
BRDA:114,11,0,0
BRDA:114,11,1,0
BRDA:130,12,0,0
BRDA:130,12,1,0
BRDA:133,13,0,0
BRDA:133,13,1,0
BRF:28
BRH:11
end_of_record
TN:
SF:middleware\rateLimiter.js
FN:29,(anonymous_0)
FN:33,(anonymous_1)
FNF:2
FNH:0
FNDA:0,(anonymous_0)
FNDA:0,(anonymous_1)
DA:1,3
DA:4,3
DA:13,3
DA:23,3
DA:31,0
DA:35,0
DA:39,3
LF:7
LH:5
BRDA:5,0,0,3
BRDA:5,0,1,0
BRDA:6,1,0,3
BRDA:6,1,1,0
BRDA:14,2,0,3
BRDA:14,2,1,0
BRDA:15,3,0,3
BRDA:15,3,1,0
BRDA:31,4,0,0
BRDA:31,4,1,0
BRDA:35,5,0,0
BRDA:35,5,1,0
BRDA:35,5,2,0
BRF:13
BRH:4
end_of_record
TN:
SF:middleware\validate.js
FN:4,(anonymous_0)
FN:87,(anonymous_1)
FNF:2
FNH:2
FNDA:11,(anonymous_0)
FNDA:2,(anonymous_1)
DA:1,3
DA:4,3
DA:5,11
DA:6,11
DA:7,3
DA:12,8
DA:16,3
DA:53,3
DA:77,3
DA:88,2
DA:89,0
DA:91,2
DA:115,3
DA:135,3
DA:151,3
LF:15
LH:14
BRDA:6,0,0,3
BRDA:6,0,1,8
BRDA:88,1,0,0
BRDA:88,1,1,2
BRF:4
BRH:3
end_of_record
TN:
SF:models\Attendance.js
FN:74,(anonymous_0)
FN:78,(anonymous_1)
FN:92,(anonymous_2)
FN:108,(anonymous_3)
FNF:4
FNH:0
FNDA:0,(anonymous_0)
FNDA:0,(anonymous_1)
FNDA:0,(anonymous_2)
FNDA:0,(anonymous_3)
DA:1,3
DA:3,3
DA:68,3
DA:69,3
DA:70,3
DA:71,3
DA:74,3
DA:75,0
DA:78,3
DA:79,0
DA:80,0
DA:82,0
DA:83,0
DA:84,0
DA:85,0
DA:87,0
DA:92,3
DA:93,0
DA:108,0
DA:109,0
DA:110,0
DA:114,3
LF:22
LH:10
BRDA:78,0,0,0
BRDA:82,1,0,0
BRDA:82,1,1,0
BRDA:84,2,0,0
BRDA:84,2,1,0
BRDA:97,3,0,0
BRDA:97,3,1,0
BRF:7
BRH:0
end_of_record
TN:
SF:models\Organization.js
FNF:0
FNH:0
DA:1,3
DA:3,3
DA:118,3
DA:119,3
DA:120,3
DA:121,3
DA:124,3
DA:132,3
LF:8
LH:8
BRF:0
BRH:0
end_of_record
TN:
SF:models\Session.js
FN:93,(anonymous_0)
FN:98,(anonymous_1)
FN:102,(anonymous_2)
FN:123,(anonymous_3)
FNF:4
FNH:1
FNDA:0,(anonymous_0)
FNDA:0,(anonymous_1)
FNDA:0,(anonymous_2)
FNDA:1,(anonymous_3)
DA:1,3
DA:3,3
DA:88,3
DA:89,3
DA:90,3
DA:93,3
DA:94,0
DA:95,0
DA:98,3
DA:99,0
DA:102,3
DA:103,0
DA:105,0
DA:108,0
DA:109,0
DA:110,0
DA:111,0
DA:112,0
DA:114,0
DA:117,0
DA:118,0
DA:120,0
DA:123,3
DA:124,1
DA:131,1
DA:134,3
LF:26
LH:12
BRDA:95,0,0,0
BRDA:95,0,1,0
BRDA:95,0,2,0
BRDA:103,1,0,0
BRDA:103,1,1,0
BRF:5
BRH:0
end_of_record
TN:
SF:models\User.js
FN:79,(anonymous_0)
FN:92,(anonymous_1)
FN:97,(anonymous_2)
FN:102,(anonymous_3)
FNF:4
FNH:4
FNDA:60,(anonymous_0)
FNDA:2,(anonymous_1)
FNDA:15,(anonymous_2)
FNDA:6,(anonymous_3)
DA:1,3
DA:2,3
DA:4,3
DA:79,3
DA:80,60
DA:82,43
DA:83,43
DA:84,43
DA:85,43
DA:87,0
DA:92,3
DA:93,2
DA:97,3
DA:98,15
DA:102,3
DA:103,6
DA:106,6
DA:109,6
DA:110,6
DA:111,6
DA:112,6
DA:113,6
DA:114,6
DA:115,6
DA:116,6
DA:118,6
DA:121,3
LF:27
LH:26
BRDA:80,0,0,17
BRDA:80,0,1,43
BRDA:98,1,0,15
BRDA:98,1,1,0
BRF:4
BRH:3
end_of_record
TN:
SF:routes\organizationRoutes.js
FN:16,(anonymous_0)
FN:58,(anonymous_1)
FN:112,(anonymous_2)
FN:125,(anonymous_3)
FN:147,(anonymous_4)
FN:158,(anonymous_5)
FN:189,(anonymous_6)
FN:200,(anonymous_7)
FN:214,(anonymous_8)
FN:256,(anonymous_9)
FN:266,(anonymous_10)
FN:274,(anonymous_11)
FN:305,(anonymous_12)
FN:315,(anonymous_13)
FNF:14
FNH:4
FNDA:2,(anonymous_0)
FNDA:1,(anonymous_1)
FNDA:2,(anonymous_2)
FNDA:2,(anonymous_3)
FNDA:0,(anonymous_4)
FNDA:0,(anonymous_5)
FNDA:0,(anonymous_6)
FNDA:0,(anonymous_7)
FNDA:0,(anonymous_8)
FNDA:0,(anonymous_9)
FNDA:0,(anonymous_10)
FNDA:0,(anonymous_11)
FNDA:0,(anonymous_12)
FNDA:0,(anonymous_13)
DA:1,3
DA:2,3
DA:3,3
DA:4,3
DA:5,3
DA:6,3
DA:7,3
DA:14,3
DA:17,2
DA:18,2
DA:19,2
DA:20,2
DA:22,2
DA:26,2
DA:32,2
DA:34,2
DA:44,0
DA:45,0
DA:54,3
DA:59,1
DA:60,1
DA:63,1
DA:67,1
DA:68,0
DA:74,1
DA:83,1
DA:86,1
DA:95,1
DA:100,0
DA:101,0
DA:110,3
DA:113,2
DA:114,2
DA:119,2
DA:120,0
DA:124,2
DA:125,2
DA:127,2
DA:128,1
DA:131,1
DA:133,0
DA:134,0
DA:143,3
DA:148,0
DA:149,0
DA:150,0
DA:152,0
DA:153,0
DA:157,0
DA:158,0
DA:160,0
DA:161,0
DA:165,0
DA:166,0
DA:168,0
DA:170,0
DA:175,0
DA:176,0
DA:185,3
DA:190,0
DA:191,0
DA:192,0
DA:194,0
DA:195,0
DA:199,0
DA:200,0
DA:202,0
DA:203,0
DA:207,0
DA:208,0
DA:209,0
DA:213,0
DA:214,0
DA:216,0
DA:217,0
DA:221,0
DA:226,0
DA:229,0
DA:238,0
DA:243,0
DA:244,0
DA:253,3
DA:257,0
DA:258,0
DA:260,0
DA:261,0
DA:265,0
DA:266,0
DA:268,0
DA:269,0
DA:273,0
DA:274,0
DA:276,0
DA:279,0
DA:287,0
DA:292,0
DA:293,0
DA:302,3
DA:306,0
DA:307,0
DA:309,0
DA:310,0
DA:314,0
DA:315,0
DA:317,0
DA:318,0
DA:322,0
DA:324,0
DA:326,0
DA:327,0
DA:331,3
LF:111
LH:39
BRDA:18,0,0,2
BRDA:18,0,1,2
BRDA:19,1,0,2
BRDA:19,1,1,2
BRDA:20,2,0,2
BRDA:20,2,1,2
BRDA:22,3,0,0
BRDA:22,3,1,2
BRDA:67,4,0,0
BRDA:67,4,1,1
BRDA:119,5,0,0
BRDA:119,5,1,2
BRDA:127,6,0,1
BRDA:127,6,1,1
BRDA:152,7,0,0
BRDA:152,7,1,0
BRDA:160,8,0,0
BRDA:160,8,1,0
BRDA:165,9,0,0
BRDA:165,9,1,0
BRDA:166,10,0,0
BRDA:166,10,1,0
BRDA:194,11,0,0
BRDA:194,11,1,0
BRDA:202,12,0,0
BRDA:202,12,1,0
BRDA:208,13,0,0
BRDA:208,13,1,0
BRDA:216,14,0,0
BRDA:216,14,1,0
BRDA:260,15,0,0
BRDA:260,15,1,0
BRDA:268,16,0,0
BRDA:268,16,1,0
BRDA:309,17,0,0
BRDA:309,17,1,0
BRDA:317,18,0,0
BRDA:317,18,1,0
BRF:38
BRH:11
end_of_record
TN:
SF:routes\sessionRoutes.js
FN:19,(anonymous_0)
FN:77,(anonymous_1)
FN:133,(anonymous_2)
FN:160,(anonymous_3)
FN:179,(anonymous_4)
FN:208,(anonymous_5)
FNF:6
FNH:4
FNDA:1,(anonymous_0)
FNDA:2,(anonymous_1)
FNDA:1,(anonymous_2)
FNDA:2,(anonymous_3)
FNDA:0,(anonymous_4)
FNDA:0,(anonymous_5)
DA:1,3
DA:2,3
DA:3,3
DA:4,3
DA:5,3
DA:6,3
DA:7,3
DA:8,3
DA:15,3
DA:20,1
DA:29,1
DA:32,1
DA:34,1
DA:53,1
DA:56,1
DA:57,1
DA:59,1
DA:65,0
DA:66,0
DA:75,3
DA:78,2
DA:79,2
DA:80,2
DA:81,0
DA:85,2
DA:90,2
DA:91,1
DA:94,1
DA:97,1
DA:113,1
DA:115,1
DA:120,0
DA:121,0
DA:130,3
DA:134,1
DA:135,1
DA:136,1
DA:137,0
DA:140,1
DA:154,1
DA:160,1
DA:161,2
DA:164,1
DA:166,0
DA:167,0
DA:176,3
DA:180,0
DA:181,0
DA:182,0
DA:183,0
DA:186,0
DA:187,0
DA:190,0
DA:191,0
DA:193,0
DA:195,0
DA:196,0
DA:205,3
DA:209,0
DA:210,0
DA:211,0
DA:212,0
DA:215,0
DA:216,0
DA:218,0
DA:225,0
DA:227,0
DA:237,0
DA:238,0
DA:242,3
LF:70
LH:40
BRDA:42,0,0,1
BRDA:42,0,1,0
BRDA:49,1,0,1
BRDA:49,1,1,1
BRDA:80,2,0,0
BRDA:80,2,1,2
BRDA:90,3,0,1
BRDA:90,3,1,1
BRDA:136,4,0,0
BRDA:136,4,1,1
BRDA:182,5,0,0
BRDA:182,5,1,0
BRDA:186,6,0,0
BRDA:186,6,1,0
BRDA:186,7,0,0
BRDA:186,7,1,0
BRDA:211,8,0,0
BRDA:211,8,1,0
BRDA:215,9,0,0
BRDA:215,9,1,0
BRDA:216,10,0,0
BRDA:216,10,1,0
BRF:22
BRH:7
end_of_record
TN:
SF:routes\userRoutes.js
FN:27,(anonymous_0)
FN:94,(anonymous_1)
FN:159,(anonymous_2)
FN:178,(anonymous_3)
FN:182,(anonymous_4)
FN:205,(anonymous_5)
FN:208,(anonymous_6)
FN:222,(anonymous_7)
FN:238,(anonymous_8)
FN:273,(anonymous_9)
FN:315,(anonymous_10)
FNF:11
FNH:5
FNDA:2,(anonymous_0)
FNDA:2,(anonymous_1)
FNDA:1,(anonymous_2)
FNDA:2,(anonymous_3)
FNDA:3,(anonymous_4)
FNDA:0,(anonymous_5)
FNDA:0,(anonymous_6)
FNDA:0,(anonymous_7)
FNDA:0,(anonymous_8)
FNDA:0,(anonymous_9)
FNDA:0,(anonymous_10)
DA:1,3
DA:2,3
DA:3,3
DA:4,3
DA:5,3
DA:6,3
DA:7,3
DA:8,3
DA:9,3
DA:10,3
DA:13,3
DA:25,3
DA:28,2
DA:29,2
DA:32,2
DA:33,2
DA:34,1
DA:38,1
DA:47,1
DA:52,1
DA:53,1
DA:56,1
DA:57,1
DA:61,1
DA:62,1
DA:65,1
DA:66,1
DA:76,1
DA:82,0
DA:83,0
DA:92,3
DA:95,2
DA:96,2
DA:99,2
DA:103,2
DA:104,0
DA:108,2
DA:109,0
DA:115,2
DA:116,2
DA:118,1
DA:121,1
DA:122,0
DA:125,1
DA:126,1
DA:130,1
DA:131,1
DA:132,1
DA:135,1
DA:140,1
DA:141,1
DA:143,1
DA:149,0
DA:150,0
DA:159,3
DA:160,1
DA:161,1
DA:163,1
DA:165,0
DA:166,0
DA:175,3
DA:179,2
DA:180,2
DA:181,2
DA:182,2
DA:183,3
DA:186,2
DA:187,1
DA:190,1
DA:191,1
DA:193,1
DA:195,0
DA:196,0
DA:205,3
DA:206,0
DA:208,0
DA:209,0
DA:210,0
DA:212,0
DA:213,0
DA:222,3
DA:223,0
DA:224,0
DA:225,0
DA:226,0
DA:228,0
DA:229,0
DA:238,3
DA:239,0
DA:240,0
DA:245,0
DA:250,0
DA:251,0
DA:254,0
DA:255,0
DA:256,0
DA:257,0
DA:259,0
DA:261,0
DA:262,0
DA:271,3
DA:274,0
DA:275,0
DA:276,0
DA:277,0
DA:281,0
DA:282,0
DA:286,0
DA:287,0
DA:290,0
DA:291,0
DA:301,0
DA:303,0
DA:304,0
DA:313,3
DA:316,0
DA:317,0
DA:322,0
DA:327,0
DA:328,0
DA:331,0
DA:332,0
DA:333,0
DA:334,0
DA:336,0
DA:338,0
DA:339,0
DA:343,3
LF:128
LH:68
BRDA:33,0,0,1
BRDA:33,0,1,1
BRDA:103,1,0,0
BRDA:103,1,1,2
BRDA:108,2,0,0
BRDA:108,2,1,2
BRDA:116,3,0,1
BRDA:116,3,1,1
BRDA:121,4,0,0
BRDA:121,4,1,1
BRDA:186,5,0,1
BRDA:186,5,1,1
BRDA:250,6,0,0
BRDA:250,6,1,0
BRDA:276,7,0,0
BRDA:276,7,1,0
BRDA:327,8,0,0
BRDA:327,8,1,0
BRF:18
BRH:9
end_of_record
TN:
SF:utils\email.js
FN:2,(anonymous_0)
FNF:1
FNH:1
FNDA:1,(anonymous_0)
DA:2,3
DA:3,1
DA:4,1
DA:7,3
LF:4
LH:4
BRF:0
BRH:0
end_of_record
